\BOOKMARK [0][-]{dummy.1}{\376\377\000D\000e\000c\000l\000a\000r\000a\000t\000i\000o\000n\000\040\000o\000f\000\040\000A\000u\000t\000h\000o\000r\000s\000h\000i\000p}{}% 1
\BOOKMARK [0][-]{dummy.2}{\376\377\000A\000b\000s\000t\000r\000a\000c\000t}{}% 2
\BOOKMARK [0][-]{dummy.3}{\376\377\000A\000c\000k\000n\000o\000w\000l\000e\000d\000g\000e\000m\000e\000n\000t\000s}{}% 3
\BOOKMARK [0][-]{dummy.4}{\376\377\000C\000o\000n\000t\000e\000n\000t\000s}{}% 4
\BOOKMARK [0][-]{dummy.6}{\376\377\000L\000i\000s\000t\000\040\000o\000f\000\040\000F\000i\000g\000u\000r\000e\000s}{}% 5
\BOOKMARK [0][-]{dummy.8}{\376\377\000L\000i\000s\000t\000\040\000o\000f\000\040\000T\000a\000b\000l\000e\000s}{}% 6
\BOOKMARK [0][-]{dummy.10}{\376\377\000A\000b\000b\000r\000e\000v\000i\000a\000t\000i\000o\000n\000s}{}% 7
\BOOKMARK [0][-]{dummy.13}{\376\377\000P\000h\000y\000s\000i\000c\000a\000l\000\040\000C\000o\000n\000s\000t\000a\000n\000t\000s}{}% 8
\BOOKMARK [0][-]{dummy.16}{\376\377\000P\000h\000y\000s\000i\000c\000a\000l\000\040\000C\000o\000n\000s\000t\000a\000n\000t\000s}{}% 9
\BOOKMARK [0][-]{dummy.19}{\376\377\000S\000y\000m\000b\000o\000l\000s}{}% 10
\BOOKMARK [0][-]{chapter.22}{\376\377\0001\000\040\000M\000o\000d\000e\000l}{}% 11
\BOOKMARK [1][-]{section.23}{\376\377\0001\000.\0001\000\040\000M\000o\000d\000e\000l}{chapter.22}% 12
\BOOKMARK [2][-]{subsection.24}{\376\377\0001\000.\0001\000.\0001\000\040\000A\000s\000y\000n\000c\000h\000r\000o\000n\000o\000u\000s\000\040\000v\000s\000\040\000g\000a\000m\000e\000\040\000t\000h\000e\000o\000r\000e\000t\000i\000c\000\040\000m\000o\000d\000e\000l}{section.23}% 13
\BOOKMARK [2][-]{subsection.25}{\376\377\0001\000.\0001\000.\0002\000\040\000O\000v\000e\000r\000a\000l\000l\000\040\000a\000r\000c\000h\000i\000t\000e\000c\000t\000u\000r\000e}{section.23}% 14
\BOOKMARK [1][-]{section.26}{\376\377\0001\000.\0002\000\040\000M\000o\000d\000e\000l\000i\000n\000g\000\040\000d\000e\000l\000a\000y\000s}{chapter.22}% 15
\BOOKMARK [1][-]{section.27}{\376\377\0001\000.\0003\000\040\000M\000a\000r\000k\000e\000t\000\040\000c\000o\000m\000p\000o\000n\000e\000n\000t\000s}{chapter.22}% 16
\BOOKMARK [2][-]{subsection.28}{\376\377\0001\000.\0003\000.\0001\000\040\000S\000t\000o\000c\000k\000s}{section.27}% 17
\BOOKMARK [3][-]{subsubsection.29}{\376\377\0001\000.\0003\000.\0001\000.\0001\000\040\000F\000u\000n\000d\000a\000m\000e\000n\000t\000a\000l\000\040\000p\000r\000i\000c\000e}{subsection.28}% 18
\BOOKMARK [2][-]{subsection.30}{\376\377\0001\000.\0003\000.\0002\000\040\000M\000e\000s\000s\000a\000g\000e\000s}{section.27}% 19
\BOOKMARK [3][-]{subsubsection.31}{\376\377\0001\000.\0003\000.\0002\000.\0001\000\040\000M\000a\000r\000k\000e\000t\000\040\000i\000n\000f\000o\000r\000m\000a\000t\000i\000o\000n}{subsection.30}% 20
\BOOKMARK [3][-]{subsubsection.33}{\376\377\0001\000.\0003\000.\0002\000.\0002\000\040\000O\000r\000d\000e\000r\000s}{subsection.30}% 21
\BOOKMARK [3][-]{subsubsection.34}{\376\377\0001\000.\0003\000.\0002\000.\0003\000\040\000T\000r\000a\000n\000s\000a\000c\000t\000i\000o\000n\000\040\000r\000e\000c\000e\000i\000p\000t\000s}{subsection.30}% 22
\BOOKMARK [3][-]{subsubsection.35}{\376\377\0001\000.\0003\000.\0002\000.\0004\000\040\000O\000r\000d\000e\000r\000\040\000c\000a\000n\000c\000e\000l\000l\000a\000t\000i\000o\000n\000s}{subsection.30}% 23
\BOOKMARK [2][-]{subsection.36}{\376\377\0001\000.\0003\000.\0003\000\040\000O\000r\000d\000e\000r\000\040\000b\000o\000o\000k}{section.27}% 24
\BOOKMARK [3][-]{subsubsection.39}{\376\377\0001\000.\0003\000.\0003\000.\0001\000\040\000P\000r\000i\000c\000e\000\040\000u\000p\000d\000a\000t\000i\000n\000g}{subsection.36}% 25
\BOOKMARK [3][-]{subsubsection.41}{\376\377\0001\000.\0003\000.\0003\000.\0002\000\040\000O\000r\000d\000e\000r\000\040\000m\000a\000t\000c\000h\000i\000n\000g}{subsection.36}% 26
\BOOKMARK [3][-]{subsubsection.43}{\376\377\0001\000.\0003\000.\0003\000.\0003\000\040\000E\000m\000p\000t\000y\000\040\000o\000r\000d\000e\000r\000\040\000b\000o\000o\000k}{subsection.36}% 27
\BOOKMARK [2][-]{subsection.44}{\376\377\0001\000.\0003\000.\0004\000\040\000M\000a\000r\000k\000e\000t}{section.27}% 28
\BOOKMARK [3][-]{subsubsection.45}{\376\377\0001\000.\0003\000.\0004\000.\0001\000\040\000S\000h\000o\000r\000t\000\040\000s\000e\000l\000l\000i\000n\000g}{subsection.44}% 29
\BOOKMARK [1][-]{section.47}{\376\377\0001\000.\0004\000\040\000A\000g\000e\000n\000t\000s}{chapter.22}% 30
\BOOKMARK [2][-]{subsection.48}{\376\377\0001\000.\0004\000.\0001\000\040\000S\000l\000o\000w\000\040\000t\000r\000a\000d\000e\000r\000s}{section.47}% 31
\BOOKMARK [3][-]{subsubsection.50}{\376\377\0001\000.\0004\000.\0001\000.\0001\000\040\000A\000r\000r\000i\000v\000a\000l\000\040\000o\000f\000\040\000o\000r\000d\000e\000r\000s}{subsection.48}% 32
\BOOKMARK [2][-]{subsection.52}{\376\377\0001\000.\0004\000.\0002\000\040\000M\000a\000r\000k\000e\000t\000\040\000m\000a\000k\000e\000r\000s}{section.47}% 33
\BOOKMARK [1][-]{section.53}{\376\377\0001\000.\0005\000\040\000S\000i\000m\000u\000l\000a\000t\000i\000o\000n\000\040\000r\000o\000u\000n\000d\000s}{chapter.22}% 34
\BOOKMARK [1][-]{section.54}{\376\377\0001\000.\0006\000\040\000I\000m\000p\000l\000e\000m\000e\000n\000t\000a\000t\000i\000o\000n}{chapter.22}% 35
\BOOKMARK [0][-]{chapter.55}{\376\377\0002\000\040\000P\000a\000r\000a\000m\000e\000t\000e\000r\000\040\000t\000u\000n\000i\000n\000g}{}% 36
\BOOKMARK [1][-]{subsection.60}{\376\377\0002\000.\0000\000.\0001\000\040\040\042}{chapter.55}% 37
\BOOKMARK [2][-]{subsection.63}{\376\377\0002\000.\0000\000.\0002\000\040\000D\000e\000f\000i\000n\000i\000n\000g\000\040\000p\000a\000r\000a\000m\000e\000t\000e\000r\000\040\000f\000i\000t\000n\000e\000s\000s}{subsection.60}% 38
\BOOKMARK [2][-]{subsection.64}{\376\377\0002\000.\0000\000.\0003\000\040\000F\000i\000l\000t\000e\000r\000i\000n\000g\000\040\000p\000a\000r\000a\000m\000e\000t\000e\000r\000s}{subsection.60}% 39
\BOOKMARK [3][-]{subsubsection.67}{\376\377\0002\000.\0000\000.\0003\000.\0001\000\040\000F\000i\000x\000e\000d\000\040\000p\000a\000r\000a\000m\000e\000t\000e\000r\000s}{subsection.64}% 40
\BOOKMARK [1][-]{section.68}{\376\377\0002\000.\0001\000\040\000O\000p\000t\000i\000m\000i\000z\000i\000n\000g\000\040\000p\000a\000r\000a\000m\000e\000t\000e\000r\000s}{chapter.55}% 41
\BOOKMARK [0][-]{appendix.69}{\376\377\000A\000\040\000A\000p\000p\000e\000n\000d\000i\000x\000\040\000T\000i\000t\000l\000e\000\040\000H\000e\000r\000e}{}% 42
\BOOKMARK [0][-]{dummy.70}{\376\377\000B\000i\000b\000l\000i\000o\000g\000r\000a\000p\000h\000y}{}% 43
