This is pdfTeX, Version 3.1415926-2.4-1.40.13 (TeX Live 2012) (format=pdflatex 2012.6.30)  1 JAN 2014 15:03
entering extended mode
 restricted \write18 enabled.
 %&-line parsing enabled.
**main.tex
(./main.tex
LaTeX2e <2011/06/27>
Babel <v3.8m> and hyphenation patterns for english, dumylang, nohyphenation, ge
rman-x-2012-05-30, ngerman-x-2012-05-30, afrikaans, ancientgreek, ibycus, arabi
c, armenian, basque, bulgarian, catalan, pinyin, coptic, croatian, czech, danis
h, dutch, ukenglish, usenglishmax, esperanto, estonian, ethiopic, farsi, finnis
h, french, friulan, galician, german, ngerman, swissgerman, monogreek, greek, h
ungarian, icelandic, assamese, bengali, gujarati, hindi, kannada, malayalam, ma
rathi, oriya, panjabi, tamil, telugu, indonesian, interlingua, irish, italian, 
kurmanji, latin, latvian, lithuanian, mongolian, mongolianlmc, bokmal, nynorsk,
 polish, portuguese, romanian, romansh, russian, sanskrit, serbian, serbianc, s
lovak, slovenian, spanish, swedish, turkish, turkmen, ukrainian, uppersorbian, 
welsh, loaded.
(./Thesis.cls
Document Class: Thesis 2007/22/02 v1.0 LaTeX document class
(/usr/local/texlive/2012/texmf-dist/tex/latex/base/book.cls
Document Class: book 2007/10/19 v1.4h Standard LaTeX document class
(/usr/local/texlive/2012/texmf-dist/tex/latex/base/bk11.clo
File: bk11.clo 2007/10/19 v1.4h Standard LaTeX file (size option)
)
\c@part=\count79
\c@chapter=\count80
\c@section=\count81
\c@subsection=\count82
\c@subsubsection=\count83
\c@paragraph=\count84
\c@subparagraph=\count85
\c@figure=\count86
\c@table=\count87
\abovecaptionskip=\skip41
\belowcaptionskip=\skip42
\bibindent=\dimen102
)
(/usr/local/texlive/2012/texmf-dist/tex/latex/setspace/setspace.sty
Package: setspace 2011/12/19 v6.7a set line spacing
)
(/usr/local/texlive/2012/texmf-dist/tex/latex/vmargin/vmargin.sty
Package: vmargin 2004/07/15 V2.5 set document margins (VK)

Package: vmargin 2004/07/15 V2.5 set document margins (VK)
\PaperWidth=\dimen103
\PaperHeight=\dimen104
) (/usr/local/texlive/2012/texmf-dist/tex/latex/base/inputenc.sty
Package: inputenc 2008/03/30 v1.1d Input encoding file
\inpenc@prehook=\toks14
\inpenc@posthook=\toks15

(/usr/local/texlive/2012/texmf-dist/tex/latex/base/utf8.def
File: utf8.def 2008/04/05 v1.1m UTF-8 support for inputenc
Now handling font encoding OML ...
... no UTF-8 mapping file for font encoding OML
Now handling font encoding T1 ...
... processing UTF-8 mapping file for font encoding T1

(/usr/local/texlive/2012/texmf-dist/tex/latex/base/t1enc.dfu
File: t1enc.dfu 2008/04/05 v1.1m UTF-8 support for inputenc
   defining Unicode char U+00A1 (decimal 161)
   defining Unicode char U+00A3 (decimal 163)
   defining Unicode char U+00AB (decimal 171)
   defining Unicode char U+00BB (decimal 187)
   defining Unicode char U+00BF (decimal 191)
   defining Unicode char U+00C0 (decimal 192)
   defining Unicode char U+00C1 (decimal 193)
   defining Unicode char U+00C2 (decimal 194)
   defining Unicode char U+00C3 (decimal 195)
   defining Unicode char U+00C4 (decimal 196)
   defining Unicode char U+00C5 (decimal 197)
   defining Unicode char U+00C6 (decimal 198)
   defining Unicode char U+00C7 (decimal 199)
   defining Unicode char U+00C8 (decimal 200)
   defining Unicode char U+00C9 (decimal 201)
   defining Unicode char U+00CA (decimal 202)
   defining Unicode char U+00CB (decimal 203)
   defining Unicode char U+00CC (decimal 204)
   defining Unicode char U+00CD (decimal 205)
   defining Unicode char U+00CE (decimal 206)
   defining Unicode char U+00CF (decimal 207)
   defining Unicode char U+00D0 (decimal 208)
   defining Unicode char U+00D1 (decimal 209)
   defining Unicode char U+00D2 (decimal 210)
   defining Unicode char U+00D3 (decimal 211)
   defining Unicode char U+00D4 (decimal 212)
   defining Unicode char U+00D5 (decimal 213)
   defining Unicode char U+00D6 (decimal 214)
   defining Unicode char U+00D8 (decimal 216)
   defining Unicode char U+00D9 (decimal 217)
   defining Unicode char U+00DA (decimal 218)
   defining Unicode char U+00DB (decimal 219)
   defining Unicode char U+00DC (decimal 220)
   defining Unicode char U+00DD (decimal 221)
   defining Unicode char U+00DE (decimal 222)
   defining Unicode char U+00DF (decimal 223)
   defining Unicode char U+00E0 (decimal 224)
   defining Unicode char U+00E1 (decimal 225)
   defining Unicode char U+00E2 (decimal 226)
   defining Unicode char U+00E3 (decimal 227)
   defining Unicode char U+00E4 (decimal 228)
   defining Unicode char U+00E5 (decimal 229)
   defining Unicode char U+00E6 (decimal 230)
   defining Unicode char U+00E7 (decimal 231)
   defining Unicode char U+00E8 (decimal 232)
   defining Unicode char U+00E9 (decimal 233)
   defining Unicode char U+00EA (decimal 234)
   defining Unicode char U+00EB (decimal 235)
   defining Unicode char U+00EC (decimal 236)
   defining Unicode char U+00ED (decimal 237)
   defining Unicode char U+00EE (decimal 238)
   defining Unicode char U+00EF (decimal 239)
   defining Unicode char U+00F0 (decimal 240)
   defining Unicode char U+00F1 (decimal 241)
   defining Unicode char U+00F2 (decimal 242)
   defining Unicode char U+00F3 (decimal 243)
   defining Unicode char U+00F4 (decimal 244)
   defining Unicode char U+00F5 (decimal 245)
   defining Unicode char U+00F6 (decimal 246)
   defining Unicode char U+00F8 (decimal 248)
   defining Unicode char U+00F9 (decimal 249)
   defining Unicode char U+00FA (decimal 250)
   defining Unicode char U+00FB (decimal 251)
   defining Unicode char U+00FC (decimal 252)
   defining Unicode char U+00FD (decimal 253)
   defining Unicode char U+00FE (decimal 254)
   defining Unicode char U+00FF (decimal 255)
   defining Unicode char U+0102 (decimal 258)
   defining Unicode char U+0103 (decimal 259)
   defining Unicode char U+0104 (decimal 260)
   defining Unicode char U+0105 (decimal 261)
   defining Unicode char U+0106 (decimal 262)
   defining Unicode char U+0107 (decimal 263)
   defining Unicode char U+010C (decimal 268)
   defining Unicode char U+010D (decimal 269)
   defining Unicode char U+010E (decimal 270)
   defining Unicode char U+010F (decimal 271)
   defining Unicode char U+0110 (decimal 272)
   defining Unicode char U+0111 (decimal 273)
   defining Unicode char U+0118 (decimal 280)
   defining Unicode char U+0119 (decimal 281)
   defining Unicode char U+011A (decimal 282)
   defining Unicode char U+011B (decimal 283)
   defining Unicode char U+011E (decimal 286)
   defining Unicode char U+011F (decimal 287)
   defining Unicode char U+0130 (decimal 304)
   defining Unicode char U+0131 (decimal 305)
   defining Unicode char U+0132 (decimal 306)
   defining Unicode char U+0133 (decimal 307)
   defining Unicode char U+0139 (decimal 313)
   defining Unicode char U+013A (decimal 314)
   defining Unicode char U+013D (decimal 317)
   defining Unicode char U+013E (decimal 318)
   defining Unicode char U+0141 (decimal 321)
   defining Unicode char U+0142 (decimal 322)
   defining Unicode char U+0143 (decimal 323)
   defining Unicode char U+0144 (decimal 324)
   defining Unicode char U+0147 (decimal 327)
   defining Unicode char U+0148 (decimal 328)
   defining Unicode char U+014A (decimal 330)
   defining Unicode char U+014B (decimal 331)
   defining Unicode char U+0150 (decimal 336)
   defining Unicode char U+0151 (decimal 337)
   defining Unicode char U+0152 (decimal 338)
   defining Unicode char U+0153 (decimal 339)
   defining Unicode char U+0154 (decimal 340)
   defining Unicode char U+0155 (decimal 341)
   defining Unicode char U+0158 (decimal 344)
   defining Unicode char U+0159 (decimal 345)
   defining Unicode char U+015A (decimal 346)
   defining Unicode char U+015B (decimal 347)
   defining Unicode char U+015E (decimal 350)
   defining Unicode char U+015F (decimal 351)
   defining Unicode char U+0160 (decimal 352)
   defining Unicode char U+0161 (decimal 353)
   defining Unicode char U+0162 (decimal 354)
   defining Unicode char U+0163 (decimal 355)
   defining Unicode char U+0164 (decimal 356)
   defining Unicode char U+0165 (decimal 357)
   defining Unicode char U+016E (decimal 366)
   defining Unicode char U+016F (decimal 367)
   defining Unicode char U+0170 (decimal 368)
   defining Unicode char U+0171 (decimal 369)
   defining Unicode char U+0178 (decimal 376)
   defining Unicode char U+0179 (decimal 377)
   defining Unicode char U+017A (decimal 378)
   defining Unicode char U+017B (decimal 379)
   defining Unicode char U+017C (decimal 380)
   defining Unicode char U+017D (decimal 381)
   defining Unicode char U+017E (decimal 382)
   defining Unicode char U+200C (decimal 8204)
   defining Unicode char U+2013 (decimal 8211)
   defining Unicode char U+2014 (decimal 8212)
   defining Unicode char U+2018 (decimal 8216)
   defining Unicode char U+2019 (decimal 8217)
   defining Unicode char U+201A (decimal 8218)
   defining Unicode char U+201C (decimal 8220)
   defining Unicode char U+201D (decimal 8221)
   defining Unicode char U+201E (decimal 8222)
   defining Unicode char U+2030 (decimal 8240)
   defining Unicode char U+2031 (decimal 8241)
   defining Unicode char U+2039 (decimal 8249)
   defining Unicode char U+203A (decimal 8250)
   defining Unicode char U+2423 (decimal 9251)
)
Now handling font encoding OT1 ...
... processing UTF-8 mapping file for font encoding OT1

(/usr/local/texlive/2012/texmf-dist/tex/latex/base/ot1enc.dfu
File: ot1enc.dfu 2008/04/05 v1.1m UTF-8 support for inputenc
   defining Unicode char U+00A1 (decimal 161)
   defining Unicode char U+00A3 (decimal 163)
   defining Unicode char U+00B8 (decimal 184)
   defining Unicode char U+00BF (decimal 191)
   defining Unicode char U+00C5 (decimal 197)
   defining Unicode char U+00C6 (decimal 198)
   defining Unicode char U+00D8 (decimal 216)
   defining Unicode char U+00DF (decimal 223)
   defining Unicode char U+00E6 (decimal 230)
   defining Unicode char U+00EC (decimal 236)
   defining Unicode char U+00ED (decimal 237)
   defining Unicode char U+00EE (decimal 238)
   defining Unicode char U+00EF (decimal 239)
   defining Unicode char U+00F8 (decimal 248)
   defining Unicode char U+0131 (decimal 305)
   defining Unicode char U+0141 (decimal 321)
   defining Unicode char U+0142 (decimal 322)
   defining Unicode char U+0152 (decimal 338)
   defining Unicode char U+0153 (decimal 339)
   defining Unicode char U+2013 (decimal 8211)
   defining Unicode char U+2014 (decimal 8212)
   defining Unicode char U+2018 (decimal 8216)
   defining Unicode char U+2019 (decimal 8217)
   defining Unicode char U+201C (decimal 8220)
   defining Unicode char U+201D (decimal 8221)
)
Now handling font encoding OMS ...
... processing UTF-8 mapping file for font encoding OMS

(/usr/local/texlive/2012/texmf-dist/tex/latex/base/omsenc.dfu
File: omsenc.dfu 2008/04/05 v1.1m UTF-8 support for inputenc
   defining Unicode char U+00A7 (decimal 167)
   defining Unicode char U+00B6 (decimal 182)
   defining Unicode char U+00B7 (decimal 183)
   defining Unicode char U+2020 (decimal 8224)
   defining Unicode char U+2021 (decimal 8225)
   defining Unicode char U+2022 (decimal 8226)
)
Now handling font encoding OMX ...
... no UTF-8 mapping file for font encoding OMX
Now handling font encoding U ...
... no UTF-8 mapping file for font encoding U
   defining Unicode char U+00A9 (decimal 169)
   defining Unicode char U+00AA (decimal 170)
   defining Unicode char U+00AE (decimal 174)
   defining Unicode char U+00BA (decimal 186)
   defining Unicode char U+02C6 (decimal 710)
   defining Unicode char U+02DC (decimal 732)
   defining Unicode char U+200C (decimal 8204)
   defining Unicode char U+2026 (decimal 8230)
   defining Unicode char U+2122 (decimal 8482)
   defining Unicode char U+2423 (decimal 9251)
))
(/usr/local/texlive/2012/texmf-dist/tex/latex/fancyhdr/fancyhdr.sty
\fancy@headwidth=\skip43
\f@ncyO@elh=\skip44
\f@ncyO@erh=\skip45
\f@ncyO@olh=\skip46
\f@ncyO@orh=\skip47
\f@ncyO@elf=\skip48
\f@ncyO@erf=\skip49
\f@ncyO@olf=\skip50
\f@ncyO@orf=\skip51
)
(/usr/local/texlive/2012/texmf-dist/tex/latex/amsmath/amsmath.sty
Package: amsmath 2000/07/18 v2.13 AMS math features
\@mathmargin=\skip52

For additional information on amsmath, use the `?' option.
(/usr/local/texlive/2012/texmf-dist/tex/latex/amsmath/amstext.sty
Package: amstext 2000/06/29 v2.01

(/usr/local/texlive/2012/texmf-dist/tex/latex/amsmath/amsgen.sty
File: amsgen.sty 1999/11/30 v2.0
\@emptytoks=\toks16
\ex@=\dimen105
))
(/usr/local/texlive/2012/texmf-dist/tex/latex/amsmath/amsbsy.sty
Package: amsbsy 1999/11/29 v1.2d
\pmbraise@=\dimen106
)
(/usr/local/texlive/2012/texmf-dist/tex/latex/amsmath/amsopn.sty
Package: amsopn 1999/12/14 v2.01 operator names
)
\inf@bad=\count88
LaTeX Info: Redefining \frac on input line 211.
\uproot@=\count89
\leftroot@=\count90
LaTeX Info: Redefining \overline on input line 307.
\classnum@=\count91
\DOTSCASE@=\count92
LaTeX Info: Redefining \ldots on input line 379.
LaTeX Info: Redefining \dots on input line 382.
LaTeX Info: Redefining \cdots on input line 467.
\Mathstrutbox@=\box26
\strutbox@=\box27
\big@size=\dimen107
LaTeX Font Info:    Redeclaring font encoding OML on input line 567.
LaTeX Font Info:    Redeclaring font encoding OMS on input line 568.
\macc@depth=\count93
\c@MaxMatrixCols=\count94
\dotsspace@=\muskip10
\c@parentequation=\count95
\dspbrk@lvl=\count96
\tag@help=\toks17
\row@=\count97
\column@=\count98
\maxfields@=\count99
\andhelp@=\toks18
\eqnshift@=\dimen108
\alignsep@=\dimen109
\tagshift@=\dimen110
\tagwidth@=\dimen111
\totwidth@=\dimen112
\lineht@=\dimen113
\@envbody=\toks19
\multlinegap=\skip53
\multlinetaggap=\skip54
\mathdisplay@stack=\toks20
LaTeX Info: Redefining \[ on input line 2666.
LaTeX Info: Redefining \] on input line 2667.
)
(/usr/local/texlive/2012/texmf-dist/tex/latex/amsfonts/amsfonts.sty
Package: amsfonts 2009/06/22 v3.00 Basic AMSFonts support
\symAMSa=\mathgroup4
\symAMSb=\mathgroup5
LaTeX Font Info:    Overwriting math alphabet `\mathfrak' in version `bold'
(Font)                  U/euf/m/n --> U/euf/b/n on input line 96.
)
(/usr/local/texlive/2012/texmf-dist/tex/latex/amsfonts/amssymb.sty
Package: amssymb 2009/06/22 v3.00
)
(/usr/local/texlive/2012/texmf-dist/tex/latex/amsmath/amscd.sty
Package: amscd 1999/11/29 v1.2d
\athelp@=\toks21
\minaw@=\dimen114
\bigaw@=\dimen115
\minCDarrowwidth=\dimen116
)
(/usr/local/texlive/2012/texmf-dist/tex/latex/amscls/amsthm.sty
Package: amsthm 2009/07/02 v2.20.1
\thm@style=\toks22
\thm@bodyfont=\toks23
\thm@headfont=\toks24
\thm@notefont=\toks25
\thm@headpunct=\toks26
\thm@preskip=\skip55
\thm@postskip=\skip56
\thm@headsep=\skip57
\dth@everypar=\toks27
)
(/usr/local/texlive/2012/texmf-dist/tex/latex/tools/xspace.sty
Package: xspace 2009/10/20 v1.13 Space after command names (DPC,MH)
)
\c@example=\count100
\c@theorem=\count101

(/usr/local/texlive/2012/texmf-dist/tex/latex/caption/caption.sty
Package: caption 2012/02/19 v3.2f Customizing captions (AR)

(/usr/local/texlive/2012/texmf-dist/tex/latex/caption/caption3.sty
Package: caption3 2012/01/12 v1.4b caption3 kernel (AR)

(/usr/local/texlive/2012/texmf-dist/tex/latex/graphics/keyval.sty
Package: keyval 1999/03/16 v1.13 key=value parser (DPC)
\KV@toks@=\toks28
)
\captionmargin=\dimen117
\captionmargin@=\dimen118
\captionwidth=\dimen119
\caption@indent=\dimen120
\caption@parindent=\dimen121
\caption@hangindent=\dimen122
)
\c@ContinuedFloat=\count102
)
(/usr/local/texlive/2012/texmf-dist/tex/latex/graphics/graphicx.sty
Package: graphicx 1999/02/16 v1.0f Enhanced LaTeX Graphics (DPC,SPQR)

(/usr/local/texlive/2012/texmf-dist/tex/latex/graphics/graphics.sty
Package: graphics 2009/02/05 v1.0o Standard LaTeX Graphics (DPC,SPQR)

(/usr/local/texlive/2012/texmf-dist/tex/latex/graphics/trig.sty
Package: trig 1999/03/16 v1.09 sin cos tan (DPC)
)
(/usr/local/texlive/2012/texmf-dist/tex/latex/latexconfig/graphics.cfg
File: graphics.cfg 2010/04/23 v1.9 graphics configuration of TeX Live
)
Package graphics Info: Driver file: pdftex.def on input line 91.

(/usr/local/texlive/2012/texmf-dist/tex/latex/pdftex-def/pdftex.def
File: pdftex.def 2011/05/27 v0.06d Graphics/color for pdfTeX

(/usr/local/texlive/2012/texmf-dist/tex/generic/oberdiek/infwarerr.sty
Package: infwarerr 2010/04/08 v1.3 Providing info/warning/error messages (HO)
)
(/usr/local/texlive/2012/texmf-dist/tex/generic/oberdiek/ltxcmds.sty
Package: ltxcmds 2011/11/09 v1.22 LaTeX kernel commands for general use (HO)
)
\Gread@gobject=\count103
))
\Gin@req@height=\dimen123
\Gin@req@width=\dimen124
)
(/usr/local/texlive/2012/texmf-dist/tex/latex/oberdiek/epstopdf.sty
Package: epstopdf 2010/02/09 v2.5 Conversion with epstopdf on the fly (HO)

(/usr/local/texlive/2012/texmf-dist/tex/latex/oberdiek/epstopdf-base.sty
Package: epstopdf-base 2010/02/09 v2.5 Base part for package epstopdf

(/usr/local/texlive/2012/texmf-dist/tex/latex/oberdiek/grfext.sty
Package: grfext 2010/08/19 v1.1 Manage graphics extensions (HO)

(/usr/local/texlive/2012/texmf-dist/tex/generic/oberdiek/kvdefinekeys.sty
Package: kvdefinekeys 2011/04/07 v1.3 Define keys (HO)
))
(/usr/local/texlive/2012/texmf-dist/tex/latex/oberdiek/kvoptions.sty
Package: kvoptions 2011/06/30 v3.11 Key value format for package options (HO)

(/usr/local/texlive/2012/texmf-dist/tex/generic/oberdiek/kvsetkeys.sty
Package: kvsetkeys 2012/04/25 v1.16 Key value parser (HO)

(/usr/local/texlive/2012/texmf-dist/tex/generic/oberdiek/etexcmds.sty
Package: etexcmds 2011/02/16 v1.5 Avoid name clashes with e-TeX commands (HO)

(/usr/local/texlive/2012/texmf-dist/tex/generic/oberdiek/ifluatex.sty
Package: ifluatex 2010/03/01 v1.3 Provides the ifluatex switch (HO)
Package ifluatex Info: LuaTeX not detected.
)
Package etexcmds Info: Could not find \expanded.
(etexcmds)             That can mean that you are not using pdfTeX 1.50 or
(etexcmds)             that some package has redefined \expanded.
(etexcmds)             In the latter case, load this package earlier.
)))
(/usr/local/texlive/2012/texmf-dist/tex/generic/oberdiek/pdftexcmds.sty
Package: pdftexcmds 2011/11/29 v0.20 Utility functions of pdfTeX for LuaTeX (HO
)

(/usr/local/texlive/2012/texmf-dist/tex/generic/oberdiek/ifpdf.sty
Package: ifpdf 2011/01/30 v2.3 Provides the ifpdf switch (HO)
Package ifpdf Info: pdfTeX in PDF mode is detected.
)
Package pdftexcmds Info: LuaTeX not detected.
Package pdftexcmds Info: \pdf@primitive is available.
Package pdftexcmds Info: \pdf@ifprimitive is available.
Package pdftexcmds Info: \pdfdraftmode found.
)
Package grfext Info: Graphics extension search list:
(grfext)             [.png,.pdf,.jpg,.mps,.jpeg,.jbig2,.jb2,.PNG,.PDF,.JPG,.JPE
G,.JBIG2,.JB2,.eps]
(grfext)             \AppendGraphicsExtensions on input line 452.

(/usr/local/texlive/2012/texmf-dist/tex/latex/latexconfig/epstopdf-sys.cfg
File: epstopdf-sys.cfg 2010/07/13 v1.3 Configuration of (r)epstopdf for TeX Liv
e
)))
(/usr/local/texlive/2012/texmf-dist/tex/latex/booktabs/booktabs.sty
Package: booktabs 2005/04/14 v1.61803 publication quality tables
\heavyrulewidth=\dimen125
\lightrulewidth=\dimen126
\cmidrulewidth=\dimen127
\belowrulesep=\dimen128
\belowbottomsep=\dimen129
\aboverulesep=\dimen130
\abovetopsep=\dimen131
\cmidrulesep=\dimen132
\cmidrulekern=\dimen133
\defaultaddspace=\dimen134
\@cmidla=\count104
\@cmidlb=\count105
\@aboverulesep=\dimen135
\@belowrulesep=\dimen136
\@thisruleclass=\count106
\@lastruleclass=\count107
\@thisrulewidth=\dimen137
)
(/usr/local/texlive/2012/texmf-dist/tex/latex/rotating/rotating.sty
Package: rotating 2009/03/28 v2.16a rotated objects in LaTeX

(/usr/local/texlive/2012/texmf-dist/tex/latex/base/ifthen.sty
Package: ifthen 2001/05/26 v1.1c Standard LaTeX ifthen package (DPC)
)
\c@r@tfl@t=\count108
\rotFPtop=\skip58
\rotFPbot=\skip59
\rot@float@box=\box28
\rot@mess@toks=\toks29
)
(/usr/local/texlive/2012/texmf-dist/tex/latex/listings/listings.sty
\lst@mode=\count109
\lst@gtempboxa=\box29
\lst@token=\toks30
\lst@length=\count110
\lst@currlwidth=\dimen138
\lst@column=\count111
\lst@pos=\count112
\lst@lostspace=\dimen139
\lst@width=\dimen140
\lst@newlines=\count113
\lst@lineno=\count114
\lst@maxwidth=\dimen141

(./lstpatch.sty

***
*** This is a patch for listings 1.3, but you're using
*** version 1.4.
***
*** Patch file not loaded.
***

) (/usr/local/texlive/2012/texmf-dist/tex/latex/listings/lstmisc.sty
File: lstmisc.sty 2007/02/22 1.4 (Carsten Heinz)
\c@lstnumber=\count115
\lst@skipnumbers=\count116
\lst@framebox=\box30
)
(/usr/local/texlive/2012/texmf-dist/tex/latex/listings/listings.cfg
File: listings.cfg 2007/02/22 1.4 listings configuration
))
Package: listings 2007/02/22 1.4 (Carsten Heinz)

(./lstpatch.sty

***
*** This is a patch for listings 1.3, but you're using
*** version 1.4.
***
 *** Patch file not loaded.
***

) (/usr/local/texlive/2012/texmf-dist/tex/latex/hyperref/hyperref.sty
Package: hyperref 2012/05/13 v6.82q Hypertext links for LaTeX

(/usr/local/texlive/2012/texmf-dist/tex/generic/oberdiek/hobsub-hyperref.sty
Package: hobsub-hyperref 2012/05/28 v1.13 Bundle oberdiek, subset hyperref (HO)


(/usr/local/texlive/2012/texmf-dist/tex/generic/oberdiek/hobsub-generic.sty
Package: hobsub-generic 2012/05/28 v1.13 Bundle oberdiek, subset generic (HO)
Package: hobsub 2012/05/28 v1.13 Construct package bundles (HO)
Package hobsub Info: Skipping package `infwarerr' (already loaded).
Package hobsub Info: Skipping package `ltxcmds' (already loaded).
Package hobsub Info: Skipping package `ifluatex' (already loaded).
Package: ifvtex 2010/03/01 v1.5 Detect VTeX and its facilities (HO)
Package ifvtex Info: VTeX not detected.
Package: intcalc 2007/09/27 v1.1 Expandable calculations with integers (HO)
Package hobsub Info: Skipping package `ifpdf' (already loaded).
Package hobsub Info: Skipping package `etexcmds' (already loaded).
Package hobsub Info: Skipping package `kvsetkeys' (already loaded).
Package hobsub Info: Skipping package `kvdefinekeys' (already loaded).
Package hobsub Info: Skipping package `pdftexcmds' (already loaded).
Package: pdfescape 2011/11/25 v1.13 Implements pdfTeX's escape features (HO)
Package: bigintcalc 2012/04/08 v1.3 Expandable calculations on big integers (HO
)
Package: bitset 2011/01/30 v1.1 Handle bit-vector datatype (HO)
Package: uniquecounter 2011/01/30 v1.2 Provide unlimited unique counter (HO)
)
Package hobsub Info: Skipping package `hobsub' (already loaded).
Package: letltxmacro 2010/09/02 v1.4 Let assignment for LaTeX macros (HO)
Package: hopatch 2012/05/28 v1.2 Wrapper for package hooks (HO)
Package: xcolor-patch 2011/01/30 xcolor patch
Package: atveryend 2011/06/30 v1.8 Hooks at the very end of document (HO)
Package atveryend Info: \enddocument detected (standard20110627).
Package: atbegshi 2011/10/05 v1.16 At begin shipout hook (HO)
Package: refcount 2011/10/16 v3.4 Data extraction from label references (HO)
Package: hycolor 2011/01/30 v1.7 Color options for hyperref/bookmark (HO)
)
(/usr/local/texlive/2012/texmf-dist/tex/generic/ifxetex/ifxetex.sty
Package: ifxetex 2010/09/12 v0.6 Provides ifxetex conditional
)
\@linkdim=\dimen142
\Hy@linkcounter=\count117
\Hy@pagecounter=\count118

(/usr/local/texlive/2012/texmf-dist/tex/latex/hyperref/pd1enc.def
File: pd1enc.def 2012/05/13 v6.82q Hyperref: PDFDocEncoding definition (HO)
Now handling font encoding PD1 ...
... no UTF-8 mapping file for font encoding PD1
)
\Hy@SavedSpaceFactor=\count119

(/usr/local/texlive/2012/texmf-dist/tex/latex/latexconfig/hyperref.cfg
File: hyperref.cfg 2002/06/06 v1.2 hyperref configuration of TeXLive
)
Package hyperref Info: Option `bookmarks' set `true' on input line 3941.
Package hyperref Info: Option `bookmarksopen' set `true' on input line 3941.
Package hyperref Info: Option `bookmarksnumbered' set `true' on input line 3941
.
Package hyperref Info: Option `hypertexnames' set `false' on input line 3941.
Package hyperref Info: Option `colorlinks' set `true' on input line 3941.
Package hyperref Info: Option `unicode' set `true' on input line 3941.

(/usr/local/texlive/2012/texmf-dist/tex/latex/hyperref/puenc.def
File: puenc.def 2012/05/13 v6.82q Hyperref: PDF Unicode definition (HO)
Now handling font encoding PU ...
... no UTF-8 mapping file for font encoding PU
)
Package hyperref Info: Option `breaklinks' set `true' on input line 3941.
Package hyperref Info: Hyper figures OFF on input line 4062.
Package hyperref Info: Link nesting OFF on input line 4067.
Package hyperref Info: Hyper index ON on input line 4070.
Package hyperref Info: Plain pages OFF on input line 4077.
Package hyperref Info: Backreferencing OFF on input line 4082.
Package hyperref Info: Implicit mode ON; LaTeX internals redefined.
Package hyperref Info: Bookmarks ON on input line 4300.
\c@Hy@tempcnt=\count120

(/usr/local/texlive/2012/texmf-dist/tex/latex/url/url.sty
\Urlmuskip=\muskip11
Package: url 2006/04/12  ver 3.3  Verb mode for urls, etc.
)
LaTeX Info: Redefining \url on input line 4653.
\Fld@menulength=\count121
\Field@Width=\dimen143
\Fld@charsize=\dimen144
Package hyperref Info: Hyper figures OFF on input line 5773.
Package hyperref Info: Link nesting OFF on input line 5778.
Package hyperref Info: Hyper index ON on input line 5781.
Package hyperref Info: backreferencing OFF on input line 5788.
Package hyperref Info: Link coloring ON on input line 5791.
Package hyperref Info: Link coloring with OCG OFF on input line 5798.
Package hyperref Info: PDF/A mode OFF on input line 5803.
LaTeX Info: Redefining \ref on input line 5843.
LaTeX Info: Redefining \pageref on input line 5847.
\Hy@abspage=\count122
\c@Item=\count123
\c@Hfootnote=\count124
)

Package hyperref Message: Driver (autodetected): hpdftex.

(/usr/local/texlive/2012/texmf-dist/tex/latex/hyperref/hpdftex.def
File: hpdftex.def 2012/05/13 v6.82q Hyperref driver for pdfTeX
\Fld@listcount=\count125
\c@bookmark@seq@number=\count126

(/usr/local/texlive/2012/texmf-dist/tex/latex/oberdiek/rerunfilecheck.sty
Package: rerunfilecheck 2011/04/15 v1.7 Rerun checks for auxiliary files (HO)
Package uniquecounter Info: New unique counter `rerunfilecheck' on input line 2
82.
)
\Hy@SectionHShift=\skip60
)
\c@dummy=\count127

(/usr/local/texlive/2012/texmf-dist/tex/latex/tools/longtable.sty
Package: longtable 2004/02/01 v4.11 Multi-page Table package (DPC)
\LTleft=\skip61
\LTright=\skip62
\LTpre=\skip63
\LTpost=\skip64
\LTchunksize=\count128
\LTcapwidth=\dimen145
\LT@head=\box31
\LT@firsthead=\box32
\LT@foot=\box33
\LT@lastfoot=\box34
\LT@cols=\count129
\LT@rows=\count130
\c@LT@tables=\count131
\c@LT@chunks=\count132
\LT@p@ftn=\toks31
))
(/usr/local/texlive/2012/texmf-dist/tex/latex/natbib/natbib.sty
Package: natbib 2010/09/13 8.31b (PWD, AO)
\bibhang=\skip65
\bibsep=\skip66
LaTeX Info: Redefining \cite on input line 694.
\c@NAT@ctr=\count133
)
(/usr/local/texlive/2012/texmf-dist/tex/latex/caption/subcaption.sty
Package: subcaption 2012/01/12 v1.1d Sub-captions (AR)
\c@subfigure=\count134
\c@subtable=\count135
)
(/usr/local/texlive/2012/texmf-dist/tex/latex/tools/verbatim.sty
Package: verbatim 2003/08/22 v1.5q LaTeX2e package for verbatim enhancements
\every@verbatim=\toks32
\verbatim@line=\toks33
\verbatim@in@stream=\read1
)
Package hyperref Info: Option `colorlinks' set `true' on input line 35.
 (./main.aux

LaTeX Warning: Label `subfig:' multiply defined.


LaTeX Warning: Label `sub@subfig:' multiply defined.


LaTeX Warning: Label `fig:information_exchange' multiply defined.


LaTeX Warning: Label `figure:scatter_log_transform' multiply defined.


LaTeX Warning: Label `fig:' multiply defined.

)
\openout1 = `main.aux'.

LaTeX Font Info:    Checking defaults for OML/cmm/m/it on input line 38.
LaTeX Font Info:    ... okay on input line 38.
LaTeX Font Info:    Checking defaults for T1/cmr/m/n on input line 38.
LaTeX Font Info:    ... okay on input line 38.
LaTeX Font Info:    Checking defaults for OT1/cmr/m/n on input line 38.
LaTeX Font Info:    ... okay on input line 38.
LaTeX Font Info:    Checking defaults for OMS/cmsy/m/n on input line 38.
LaTeX Font Info:    ... okay on input line 38.
LaTeX Font Info:    Checking defaults for OMX/cmex/m/n on input line 38.
LaTeX Font Info:    ... okay on input line 38.
LaTeX Font Info:    Checking defaults for U/cmr/m/n on input line 38.
LaTeX Font Info:    ... okay on input line 38.
LaTeX Font Info:    Checking defaults for PD1/pdf/m/n on input line 38.
LaTeX Font Info:    ... okay on input line 38.
LaTeX Font Info:    Checking defaults for PU/pdf/m/n on input line 38.
LaTeX Font Info:    ... okay on input line 38.
Package caption Info: Begin \AtBeginDocument code.
Package caption Info: hyperref package is loaded.
Package caption Info: listings package is loaded.
Package caption Info: longtable package is loaded.
 (/usr/local/texlive/2012/texmf-dist/tex/latex/caption/ltcaption.sty
Package: ltcaption 2011/09/12 v1.3 longtable captions (AR)
)
Package caption Info: rotating package is loaded.
Package caption Info: End \AtBeginDocument code.

(/usr/local/texlive/2012/texmf-dist/tex/context/base/supp-pdf.mkii
[Loading MPS to PDF converter (version 2006.09.02).]
\scratchcounter=\count136
\scratchdimen=\dimen146
\scratchbox=\box35
\nofMPsegments=\count137
\nofMParguments=\count138
\everyMPshowfont=\toks34
\MPscratchCnt=\count139
\MPscratchDim=\dimen147
\MPnumerator=\count140
\makeMPintoPDFobject=\count141
\everyMPtoPDFconversion=\toks35
)
\c@lstlisting=\count142
\AtBeginShipoutBox=\box36
 (/usr/local/texlive/2012/texmf-dist/tex/latex/graphics/color.sty
Package: color 2005/11/14 v1.0j Standard LaTeX Color (DPC)

(/usr/local/texlive/2012/texmf-dist/tex/latex/latexconfig/color.cfg
File: color.cfg 2007/01/18 v1.5 color configuration of teTeX/TeXLive
)
Package color Info: Driver file: pdftex.def on input line 130.
)
Package hyperref Info: Link coloring ON on input line 38.

(/usr/local/texlive/2012/texmf-dist/tex/latex/hyperref/nameref.sty
Package: nameref 2010/04/30 v2.40 Cross-referencing by name of section

(/usr/local/texlive/2012/texmf-dist/tex/generic/oberdiek/gettitlestring.sty
Package: gettitlestring 2010/12/03 v1.4 Cleanup title references (HO)
)
\c@section@level=\count143
)
LaTeX Info: Redefining \ref on input line 38.
LaTeX Info: Redefining \pageref on input line 38.
LaTeX Info: Redefining \nameref on input line 38.

(./main.out) (./main.out)
\@outlinefile=\write3
\openout3 = `main.out'.

LaTeX Font Info:    Try loading font information for U+msa on input line 141.

(/usr/local/texlive/2012/texmf-dist/tex/latex/amsfonts/umsa.fd
File: umsa.fd 2009/06/22 v3.00 AMS symbols A
)
LaTeX Font Info:    Try loading font information for U+msb on input line 141.

(/usr/local/texlive/2012/texmf-dist/tex/latex/amsfonts/umsb.fd
File: umsb.fd 2009/06/22 v3.00 AMS symbols B
) [1



{/usr/local/texlive/2012/texmf-var/fonts/map/pdftex/updmap/pdftex.map}]
------------------------------------------------------------------------------
 Abstract Page
------------------------------------------------------------------------------
[1]
------------------------------------------------------------------------------
 Acknowledgements
------------------------------------------------------------------------------
[2

]
------------------------------------------------------------------------------
 Table of Contents
------------------------------------------------------------------------------
(./main.toc [3


] [4])
\tf@toc=\write4
\openout4 = `main.toc'.

 [5]
------------------------------------------------------------------------------
 List of Figures
------------------------------------------------------------------------------
(./main.lof)
\tf@lof=\write5
\openout5 = `main.lof'.

 [6


]
------------------------------------------------------------------------------
 List of Tables
------------------------------------------------------------------------------
(./main.lot)
\tf@lot=\write6
\openout6 = `main.lot'.

 [7


]
------------------------------------------------------------------------------
 Abbreviations
------------------------------------------------------------------------------
[8



]
------------------------------------------------------------------------------
 Physical Constants
------------------------------------------------------------------------------

Overfull \hbox (130.54578pt too wide) in alignment at lines 247--247
 [] [] 
 []

[9



]
------------------------------------------------------------------------------
 Physical Constants
------------------------------------------------------------------------------
[10



]
------------------------------------------------------------------------------
 Symbols
------------------------------------------------------------------------------

Overfull \hbox (358.6408pt too wide) in alignment at lines 302--302
 [] [] [] [] 
 []

[11



]
------------------------------------------------------------------------------
 Dedicatory
------------------------------------------------------------------------------
[12

] (./Chapters/introduction.tex) (./Chapters/high_frequency_trading.tex
[1


]
Chapter 1.
------------------------------------------------------------------------------
 1 High Frequency Trading
------------------------------------------------------------------------------
) (./Chapters/model.tex [2

]
Chapter 2.
------------------------------------------------------------------------------
 2 Model
------------------------------------------------------------------------------
[3

] [4] <Figures/Electron.pdf, id=540, 398.3386pt x 284.52756pt>
File: Figures/Electron.pdf Graphic file (type pdf)

<use Figures/Electron.pdf>
Package pdftex.def Info: Figures/Electron.pdf used on input line 59.
(pdftex.def)             Requested size: 208.73653pt x 149.097pt.

Overfull \hbox (4.17244pt too wide) in paragraph at lines 59--59
 [][] 
 []

File: Figures/Electron.pdf Graphic file (type pdf)
<use Figures/Electron.pdf>
Package pdftex.def Info: Figures/Electron.pdf used on input line 61.
(pdftex.def)             Requested size: 208.73653pt x 149.097pt.

Overfull \hbox (4.17244pt too wide) in paragraph at lines 61--61
 [][] 
 []

[5 <./Figures/Electron.pdf>]
File: Figures/Electron.pdf Graphic file (type pdf)
 <use Figures/Electron.pdf>
Package pdftex.def Info: Figures/Electron.pdf used on input line 72.
(pdftex.def)             Requested size: 398.33762pt x 284.52686pt.
File: Figures/Electron.pdf Graphic file (type pdf)

<use Figures/Electron.pdf>
Package pdftex.def Info: Figures/Electron.pdf used on input line 87.
(pdftex.def)             Requested size: 398.33762pt x 284.52686pt.
 [6] [7] [8]
File: Figures/Electron.pdf Graphic file (type pdf)
 <use Figures/Electron.pdf>
Package pdftex.def Info: Figures/Electron.pdf used on input line 129.
(pdftex.def)             Requested size: 398.33762pt x 284.52686pt.
 [9]

LaTeX Warning: Reference `section_marketRules' on page 10 undefined on input li
ne 148.

File: Figures/Electron.pdf Graphic file (type pdf)
<use Figures/Electron.pdf>
Package pdftex.def Info: Figures/Electron.pdf used on input line 161.
(pdftex.def)             Requested size: 398.33762pt x 284.52686pt.
 [10] [11]

Package natbib Warning: Citation `asd' on page 12 undefined on input line 186.


Package natbib Warning: Citation `asd' on page 12 undefined on input line 186.

[12] [13]
File: Figures/Electron.pdf Graphic file (type pdf)
 <use Figures/Electron.pdf>
Package pdftex.def Info: Figures/Electron.pdf used on input line 235.
(pdftex.def)             Requested size: 398.33762pt x 284.52686pt.
)
(./Chapters/parameter_tuning_and_analysis_tools.tex [14] [15]
Chapter 3.
------------------------------------------------------------------------------
 3 Parameter tuning
------------------------------------------------------------------------------
File: Figures/Electron.pdf Graphic file (type pdf)
<use Figures/Electron.pdf>
Package pdftex.def Info: Figures/Electron.pdf used on input line 23.
(pdftex.def)             Requested size: 208.73653pt x 149.097pt.

Overfull \hbox (4.17244pt too wide) in paragraph at lines 23--23
 [][] 
 []

File: Figures/Electron.pdf Graphic file (type pdf)
<use Figures/Electron.pdf>
Package pdftex.def Info: Figures/Electron.pdf used on input line 25.
(pdftex.def)             Requested size: 208.73653pt x 149.097pt.

Overfull \hbox (4.17244pt too wide) in paragraph at lines 25--25
 [][] 
 []

[16

] [17]
LaTeX Font Info:    Font shape `OT1/cmtt/bx/n' in size <10.95> not available
(Font)              Font shape `OT1/cmtt/m/n' tried instead on input line 45.


Package natbib Warning: Citation `genetic1' on page 18 undefined on input line 
71.


Package natbib Warning: Citation `genetic2' on page 18 undefined on input line 
71.

[18]
LaTeX Font Info:    Try loading font information for OMS+cmr on input line 96.
 (/usr/local/texlive/2012/texmf-dist/tex/latex/base/omscmr.fd
File: omscmr.fd 1999/05/25 v2.5h Standard LaTeX font definitions
)
LaTeX Font Info:    Font shape `OMS/cmr/m/n' in size <10.95> not available
(Font)              Font shape `OMS/cmsy/m/n' tried instead on input line 96.
 [19]
File: Figures/Electron.pdf Graphic file (type pdf)

<use Figures/Electron.pdf>
Package pdftex.def Info: Figures/Electron.pdf used on input line 149.
(pdftex.def)             Requested size: 398.33762pt x 284.52686pt.
 (./Partials/no_reaction.tex
</Users/halfdan/Dropbox/Waseda/Research/MarketSimulation/Thesis/data_for_figure
s/test/gen0_1387987146731556L.png, id=709, 578.16pt x 433.62pt>
File: /Users/halfdan/Dropbox/Waseda/Research/MarketSimulation/Thesis/data_for_f
igures/test/gen0_1387987146731556L.png Graphic file (type png)

<use /Users/halfdan/Dropbox/Waseda/Research/MarketSimulation/Thesis/data_for_fi
gures/test/gen0_1387987146731556L.png>
Package pdftex.def Info: /Users/halfdan/Dropbox/Waseda/Research/MarketSimulatio
n/Thesis/data_for_figures/test/gen0_1387987146731556L.png used on input line 1.

(pdftex.def)             Requested size: 208.73653pt x 156.553pt.

Overfull \hbox (4.17244pt too wide) in paragraph at lines 1--1
 [][] 
 []


Underfull \hbox (badness 2384) in paragraph at lines 1--1
 []\OT1/cmr/m/sc/10 (a) |$\OML/cmm/m/it/10 ^^U[]$\OT1/cmr/m/n/10 =49, $\OML/cmm
/m/it/10 ^^U[]$\OT1/cmr/m/n/10 =8, $\OML/cmm/m/it/10 ^^U[]$\OT1/cmr/m/n/10 =32,
 $\OML/cmm/m/it/10 ^^U[]$\OT1/cmr/m/n/10 =19, 
 []


</Users/halfdan/Dropbox/Waseda/Research/MarketSimulation/Thesis/data_for_figure
s/test/gen0_1387987146764027L.png, id=711, 578.16pt x 433.62pt>
File: /Users/halfdan/Dropbox/Waseda/Research/MarketSimulation/Thesis/data_for_f
igures/test/gen0_1387987146764027L.png Graphic file (type png)

<use /Users/halfdan/Dropbox/Waseda/Research/MarketSimulation/Thesis/data_for_fi
gures/test/gen0_1387987146764027L.png>
Package pdftex.def Info: /Users/halfdan/Dropbox/Waseda/Research/MarketSimulatio
n/Thesis/data_for_figures/test/gen0_1387987146764027L.png used on input line 2.

(pdftex.def)             Requested size: 208.73653pt x 156.553pt.

Overfull \hbox (4.17244pt too wide) in paragraph at lines 2--2
 [][] 
 []


Underfull \hbox (badness 2486) in paragraph at lines 2--2
 []\OT1/cmr/m/sc/10 (b) |$\OML/cmm/m/it/10 ^^U[]$\OT1/cmr/m/n/10 =7, $\OML/cmm/
m/it/10 ^^U[]$\OT1/cmr/m/n/10 =17, $\OML/cmm/m/it/10 ^^U[]$\OT1/cmr/m/n/10 =21,
 $\OML/cmm/m/it/10 ^^U[]$\OT1/cmr/m/n/10 =17, 
 []

) [20] [21 </Users/halfdan/Dropbox/Waseda/Research/MarketSimulation/Thesis/data
_for_figures/test/gen0_1387987146731556L.png> </Users/halfdan/Dropbox/Waseda/Re
search/MarketSimulation/Thesis/data_for_figures/test/gen0_1387987146764027L.png
>]

LaTeX Warning: Reference `' on page 22 undefined on input line 169.

[22]

LaTeX Warning: Reference `chapter:results_and_discussion' on page 23 undefined 
on input line 195.


LaTeX Warning: Reference `section:experiments_overview' on page 23 undefined on
 input line 195.


LaTeX Warning: Reference `results_and_discussion' on page 23 undefined on input
 line 195.

[23] (./Tables/example_dataset_parameters.tex)
Overfull \hbox (3.47867pt too wide) in paragraph at lines 1--211
 [][] 
 []

(./Tables/example_dataset_fitnesses.tex) [24] [25]
<Figures/21_scatter_plots/d3/f.png, id=762, 578.16pt x 433.62pt>
File: Figures/21_scatter_plots/d3/f.png Graphic file (type png)

<use Figures/21_scatter_plots/d3/f.png>
Package pdftex.def Info: Figures/21_scatter_plots/d3/f.png used on input line 2
55.
(pdftex.def)             Requested size: 208.73653pt x 156.553pt.

Overfull \hbox (4.17244pt too wide) in paragraph at lines 255--255
 [][] 
 []

<Figures/21_scatter_plots/d3/g.png, id=763, 578.16pt x 433.62pt>
File: Figures/21_scatter_plots/d3/g.png Graphic file (type png)

<use Figures/21_scatter_plots/d3/g.png>
Package pdftex.def Info: Figures/21_scatter_plots/d3/g.png used on input line 2
57.
(pdftex.def)             Requested size: 208.73653pt x 156.553pt.

Overfull \hbox (4.17244pt too wide) in paragraph at lines 257--257
 [][] 
 []

<Figures/103_scatter_manual_outlier/d3/a.png, id=764, 578.16pt x 433.62pt>
File: Figures/103_scatter_manual_outlier/d3/a.png Graphic file (type png)

<use Figures/103_scatter_manual_outlier/d3/a.png>
Package pdftex.def Info: Figures/103_scatter_manual_outlier/d3/a.png used on in
put line 259.
(pdftex.def)             Requested size: 208.73653pt x 156.553pt.

Overfull \hbox (4.17244pt too wide) in paragraph at lines 259--259
 [][] 
 []

<Figures/103_scatter_manual_outlier/d3/b.png, id=765, 578.16pt x 433.62pt>
File: Figures/103_scatter_manual_outlier/d3/b.png Graphic file (type png)

<use Figures/103_scatter_manual_outlier/d3/b.png>
Package pdftex.def Info: Figures/103_scatter_manual_outlier/d3/b.png used on in
put line 261.
(pdftex.def)             Requested size: 208.73653pt x 156.553pt.

Overfull \hbox (4.17244pt too wide) in paragraph at lines 261--261
 [][] 
 []


Underfull \hbox (badness 1701) in paragraph at lines 255--262
[][] []
 []

[26]) (./Chapters/experiments_and_results.tex [27 <./Figures/21_scatter_plots/d
3/f.png> <./Figures/21_scatter_plots/d3/g.png> <./Figures/103_scatter_manual_ou
tlier/d3/a.png> <./Figures/103_scatter_manual_outlier/d3/b.png>]
Chapter 4.
------------------------------------------------------------------------------
 4 Experiments
------------------------------------------------------------------------------

LaTeX Warning: Reference `chapter:discussion' on page 28 undefined on input lin
e 6.


Overfull \hbox (18.54881pt too wide) in paragraph at lines 19--23
 [][] 
 []

[28

]
<Figures/82_generation_plots/d3/latpars_mu.png, id=786, 578.16pt x 433.62pt>
File: Figures/82_generation_plots/d3/latpars_mu.png Graphic file (type png)

<use Figures/82_generation_plots/d3/latpars_mu.png>
Package pdftex.def Info: Figures/82_generation_plots/d3/latpars_mu.png used on 
input line 41.
(pdftex.def)             Requested size: 208.73653pt x 156.553pt.

Overfull \hbox (4.17244pt too wide) in paragraph at lines 41--41
 [][] 
 []


<Figures/82_generation_plots/d3/thinkpars_mu.png, id=787, 578.16pt x 433.62pt>
File: Figures/82_generation_plots/d3/thinkpars_mu.png Graphic file (type png)

<use Figures/82_generation_plots/d3/thinkpars_mu.png>
Package pdftex.def Info: Figures/82_generation_plots/d3/thinkpars_mu.png used o
n input line 43.
(pdftex.def)             Requested size: 208.73653pt x 156.553pt.

Overfull \hbox (4.17244pt too wide) in paragraph at lines 43--43
 [][] 
 []

<Figures/82_generation_plots/d3/nAgents.png, id=788, 578.16pt x 433.62pt>
File: Figures/82_generation_plots/d3/nAgents.png Graphic file (type png)

<use Figures/82_generation_plots/d3/nAgents.png>
Package pdftex.def Info: Figures/82_generation_plots/d3/nAgents.png used on inp
ut line 45.
(pdftex.def)             Requested size: 208.73653pt x 156.553pt.

Overfull \hbox (4.17244pt too wide) in paragraph at lines 45--45
 [][] 
 []


<Figures/82_generation_plots/d3/sctimehorizon_mu.png, id=789, 578.16pt x 433.62
pt>
File: Figures/82_generation_plots/d3/sctimehorizon_mu.png Graphic file (type pn
g)
 <use Figures/82_generation_plots/d3/sctimehorizon_mu.png>
Package pdftex.def Info: Figures/82_generation_plots/d3/sctimehorizon_mu.png us
ed on input line 52.
(pdftex.def)             Requested size: 208.73653pt x 156.553pt.

Overfull \hbox (4.17244pt too wide) in paragraph at lines 52--52
 [][] 
 []


<Figures/82_generation_plots/d3/scwaittime_mu.png, id=790, 578.16pt x 433.62pt>
File: Figures/82_generation_plots/d3/scwaittime_mu.png Graphic file (type png)
<use Figures/82_generation_plots/d3/scwaittime_mu.png>
Package pdftex.def Info: Figures/82_generation_plots/d3/scwaittime_mu.png used 
on input line 54.
(pdftex.def)             Requested size: 208.73653pt x 156.553pt.

Overfull \hbox (4.17244pt too wide) in paragraph at lines 54--54
 [][] 
 []


<Figures/82_generation_plots/d3/round_stable.png, id=791, 578.16pt x 433.62pt>
File: Figures/82_generation_plots/d3/round_stable.png Graphic file (type png)

<use Figures/82_generation_plots/d3/round_stable.png>
Package pdftex.def Info: Figures/82_generation_plots/d3/round_stable.png used o
n input line 62.
(pdftex.def)             Requested size: 208.73653pt x 156.553pt.

Overfull \hbox (4.17244pt too wide) in paragraph at lines 62--62
 [][] 
 []


<Figures/82_generation_plots/d3/time_to_reach_new_fundamental.png, id=792, 578.
16pt x 433.62pt>
File: Figures/82_generation_plots/d3/time_to_reach_new_fundamental.png Graphic 
file (type png)

<use Figures/82_generation_plots/d3/time_to_reach_new_fundamental.png>
Package pdftex.def Info: Figures/82_generation_plots/d3/time_to_reach_new_funda
mental.png used on input line 64.
(pdftex.def)             Requested size: 208.73653pt x 156.553pt.

Overfull \hbox (4.17244pt too wide) in paragraph at lines 64--64
 [][] 
 []

<Figures/82_generation_plots/d3/stdev.png, id=793, 578.16pt x 433.62pt>
File: Figures/82_generation_plots/d3/stdev.png Graphic file (type png)

<use Figures/82_generation_plots/d3/stdev.png>
Package pdftex.def Info: Figures/82_generation_plots/d3/stdev.png used on input
 line 66.
(pdftex.def)             Requested size: 208.73653pt x 156.553pt.

Overfull \hbox (4.17244pt too wide) in paragraph at lines 66--66
 [][] 
 []

<Figures/82_generation_plots/d3/overshoot.png, id=794, 578.16pt x 433.62pt>
File: Figures/82_generation_plots/d3/overshoot.png Graphic file (type png)

<use Figures/82_generation_plots/d3/overshoot.png>
Package pdftex.def Info: Figures/82_generation_plots/d3/overshoot.png used on i
nput line 68.
(pdftex.def)             Requested size: 208.73653pt x 156.553pt.

Overfull \hbox (4.17244pt too wide) in paragraph at lines 68--68
 [][] 
 []

[29 <./Figures/82_generation_plots/d3/latpars_mu.png> <./Figures/82_generation_
plots/d3/thinkpars_mu.png> <./Figures/82_generation_plots/d3/nAgents.png>]
[30 <./Figures/82_generation_plots/d3/sctimehorizon_mu.png> <./Figures/82_gener
ation_plots/d3/scwaittime_mu.png> <./Figures/82_generation_plots/d3/round_stabl
e.png> <./Figures/82_generation_plots/d3/time_to_reach_new_fundamental.png> <./
Figures/82_generation_plots/d3/stdev.png> <./Figures/82_generation_plots/d3/ove
rshoot.png>]
<Figures/82_generation_plots/d9/latpars_mu.png, id=815, 578.16pt x 433.62pt>
File: Figures/82_generation_plots/d9/latpars_mu.png Graphic file (type png)

<use Figures/82_generation_plots/d9/latpars_mu.png>
Package pdftex.def Info: Figures/82_generation_plots/d9/latpars_mu.png used on 
input line 83.
(pdftex.def)             Requested size: 208.73653pt x 156.553pt.

Overfull \hbox (4.17244pt too wide) in paragraph at lines 83--83
 [][] 
 []


<Figures/82_generation_plots/d9/thinkpars_mu.png, id=816, 578.16pt x 433.62pt>
File: Figures/82_generation_plots/d9/thinkpars_mu.png Graphic file (type png)

<use Figures/82_generation_plots/d9/thinkpars_mu.png>
Package pdftex.def Info: Figures/82_generation_plots/d9/thinkpars_mu.png used o
n input line 85.
(pdftex.def)             Requested size: 208.73653pt x 156.553pt.

Overfull \hbox (4.17244pt too wide) in paragraph at lines 85--85
 [][] 
 []


<Figures/82_generation_plots/d9/sctimehorizon_mu.png, id=817, 578.16pt x 433.62
pt>
File: Figures/82_generation_plots/d9/sctimehorizon_mu.png Graphic file (type pn
g)
 <use Figures/82_generation_plots/d9/sctimehorizon_mu.png>
Package pdftex.def Info: Figures/82_generation_plots/d9/sctimehorizon_mu.png us
ed on input line 93.
(pdftex.def)             Requested size: 208.73653pt x 156.553pt.

Overfull \hbox (4.17244pt too wide) in paragraph at lines 93--93
 [][] 
 []


<Figures/82_generation_plots/d9/scwaittime_mu.png, id=818, 578.16pt x 433.62pt>
File: Figures/82_generation_plots/d9/scwaittime_mu.png Graphic file (type png)
<use Figures/82_generation_plots/d9/scwaittime_mu.png>
Package pdftex.def Info: Figures/82_generation_plots/d9/scwaittime_mu.png used 
on input line 95.
(pdftex.def)             Requested size: 208.73653pt x 156.553pt.

Overfull \hbox (4.17244pt too wide) in paragraph at lines 95--95
 [][] 
 []


<Figures/82_generation_plots/d9/round_stable.png, id=819, 578.16pt x 433.62pt>
File: Figures/82_generation_plots/d9/round_stable.png Graphic file (type png)

<use Figures/82_generation_plots/d9/round_stable.png>
Package pdftex.def Info: Figures/82_generation_plots/d9/round_stable.png used o
n input line 105.
(pdftex.def)             Requested size: 208.73653pt x 156.553pt.

Overfull \hbox (4.17244pt too wide) in paragraph at lines 105--105
 [][] 
 []


<Figures/82_generation_plots/d9/time_to_reach_new_fundamental.png, id=820, 578.
16pt x 433.62pt>
File: Figures/82_generation_plots/d9/time_to_reach_new_fundamental.png Graphic 
file (type png)

<use Figures/82_generation_plots/d9/time_to_reach_new_fundamental.png>
Package pdftex.def Info: Figures/82_generation_plots/d9/time_to_reach_new_funda
mental.png used on input line 107.
(pdftex.def)             Requested size: 208.73653pt x 156.553pt.

Overfull \hbox (4.17244pt too wide) in paragraph at lines 107--107
 [][] 
 []

<Figures/82_generation_plots/d9/stdev.png, id=821, 578.16pt x 433.62pt>
File: Figures/82_generation_plots/d9/stdev.png Graphic file (type png)

<use Figures/82_generation_plots/d9/stdev.png>
Package pdftex.def Info: Figures/82_generation_plots/d9/stdev.png used on input
 line 109.
(pdftex.def)             Requested size: 208.73653pt x 156.553pt.

Overfull \hbox (4.17244pt too wide) in paragraph at lines 109--109
 [][] 
 []

<Figures/82_generation_plots/d9/overshoot.png, id=822, 578.16pt x 433.62pt>
File: Figures/82_generation_plots/d9/overshoot.png Graphic file (type png)

<use Figures/82_generation_plots/d9/overshoot.png>
Package pdftex.def Info: Figures/82_generation_plots/d9/overshoot.png used on i
nput line 111.
(pdftex.def)             Requested size: 208.73653pt x 156.553pt.

Overfull \hbox (4.17244pt too wide) in paragraph at lines 111--111
 [][] 
 []

<Figures/21_scatter_plots/d9/d.png, id=823, 578.16pt x 433.62pt>
File: Figures/21_scatter_plots/d9/d.png Graphic file (type png)

<use Figures/21_scatter_plots/d9/d.png>
Package pdftex.def Info: Figures/21_scatter_plots/d9/d.png used on input line 1
19.
(pdftex.def)             Requested size: 208.73653pt x 156.553pt.

Overfull \hbox (4.17244pt too wide) in paragraph at lines 119--119
 [][] 
 []

<Figures/21_scatter_plots/d9/c.png, id=824, 578.16pt x 433.62pt>
File: Figures/21_scatter_plots/d9/c.png Graphic file (type png)

<use Figures/21_scatter_plots/d9/c.png>
Package pdftex.def Info: Figures/21_scatter_plots/d9/c.png used on input line 1
21.
(pdftex.def)             Requested size: 208.73653pt x 156.553pt.

Overfull \hbox (4.17244pt too wide) in paragraph at lines 121--121
 [][] 
 []

<Figures/21_scatter_plots/d9/b.png, id=825, 578.16pt x 433.62pt>
File: Figures/21_scatter_plots/d9/b.png Graphic file (type png)

<use Figures/21_scatter_plots/d9/b.png>
Package pdftex.def Info: Figures/21_scatter_plots/d9/b.png used on input line 1
23.
(pdftex.def)             Requested size: 208.73653pt x 156.553pt.

Overfull \hbox (4.17244pt too wide) in paragraph at lines 123--123
 [][] 
 []

[31 <./Figures/82_generation_plots/d9/latpars_mu.png> <./Figures/82_generation_
plots/d9/thinkpars_mu.png> <./Figures/82_generation_plots/d9/sctimehorizon_mu.p
ng> <./Figures/82_generation_plots/d9/scwaittime_mu.png>]
<Figures/103_scatter_manual_outlier/d9/d.png, id=834, 578.16pt x 433.62pt>
File: Figures/103_scatter_manual_outlier/d9/d.png Graphic file (type png)

<use Figures/103_scatter_manual_outlier/d9/d.png>
Package pdftex.def Info: Figures/103_scatter_manual_outlier/d9/d.png used on in
put line 145.
(pdftex.def)             Requested size: 208.73653pt x 156.553pt.

Overfull \hbox (4.17244pt too wide) in paragraph at lines 145--145
 [][] 
 []

<Figures/103_scatter_manual_outlier/d9/c.png, id=835, 578.16pt x 433.62pt>
File: Figures/103_scatter_manual_outlier/d9/c.png Graphic file (type png)

<use Figures/103_scatter_manual_outlier/d9/c.png>
Package pdftex.def Info: Figures/103_scatter_manual_outlier/d9/c.png used on in
put line 147.
(pdftex.def)             Requested size: 208.73653pt x 156.553pt.

Overfull \hbox (4.17244pt too wide) in paragraph at lines 147--147
 [][] 
 []

) (./Appendices/AppendixA.tex [32 <./Figures/82_generation_plots/d9/round_stabl
e.png> <./Figures/82_generation_plots/d9/time_to_reach_new_fundamental.png> <./
Figures/82_generation_plots/d9/stdev.png> <./Figures/82_generation_plots/d9/ove
rshoot.png>] [33 <./Figures/21_scatter_plots/d9/d.png> <./Figures/21_scatter_pl
ots/d9/c.png> <./Figures/21_scatter_plots/d9/b.png> <./Figures/103_scatter_manu
al_outlier/d9/d.png> <./Figures/103_scatter_manual_outlier/d9/c.png>] [34]
Appendix A.
------------------------------------------------------------------------------
 A Additional tables
------------------------------------------------------------------------------
) (./Appendices/AppendixB.tex [35

]
Appendix B.
------------------------------------------------------------------------------
 B Third party software
------------------------------------------------------------------------------
) [36

]
------------------------------------------------------------------------------
 Bibliography
------------------------------------------------------------------------------
(./main.bbl) [37


]

Package natbib Warning: There were undefined citations.

Package atveryend Info: Empty hook `BeforeClearDocument' on input line 408.
[38

]
Package atveryend Info: Empty hook `AfterLastShipout' on input line 408.
 (./main.aux)
Package atveryend Info: Executing hook `AtVeryEndDocument' on input line 408.
Package atveryend Info: Executing hook `AtEndAfterFileList' on input line 408.


Package rerunfilecheck Warning: File `main.out' has changed.
(rerunfilecheck)                Rerun to get outlines right
(rerunfilecheck)                or use package `bookmark'.

Package rerunfilecheck Info: Checksums for `main.out':
(rerunfilecheck)             Before: 663B396DF625D8F7281BF89C23E1F056;12433
(rerunfilecheck)             After:  1B194CE598562BE00ABE2FF1C1BA82BF;12433.

LaTeX Warning: There were undefined references.


LaTeX Warning: There were multiply-defined labels.

Package atveryend Info: Empty hook `AtVeryVeryEnd' on input line 408.
 ) 
Here is how much of TeX's memory you used:
 11494 strings out of 493488
 166617 string characters out of 3141326
 260176 words of memory out of 3000000
 14340 multiletter control sequences out of 15000+200000
 20636 words of font info for 78 fonts, out of 3000000 for 9000
 957 hyphenation exceptions out of 8191
 49i,12n,45p,1599b,485s stack positions out of 5000i,500n,10000p,200000b,50000s
pdfTeX warning (dest): name{table.caption.128} has been referenced but does n
ot exist, replaced by a fixed one

pdfTeX warning (dest): name{figure.caption.126} has been referenced but does no
t exist, replaced by a fixed one

pdfTeX warning (dest): name{dummy.132} has been referenced but does not exist, 
replaced by a fixed one

pdfTeX warning (dest): name{appendix.131} has been referenced but does not exis
t, replaced by a fixed one

pdfTeX warning (dest): name{section.130} has been referenced but does not exist
, replaced by a fixed one

pdfTeX warning (dest): name{appendix.129} has been referenced but does not exis
t, replaced by a fixed one

pdfTeX warning (dest): name{subsection.127} has been referenced but does not ex
ist, replaced by a fixed one

</usr/local/texlive/2012/texmf-dist/fonts/type1/public/amsfonts/cm/cmbx10.pfb><
/usr/local/texlive/2012/texmf-dist/fonts/type1/public/amsfonts/cm/cmbx12.pfb></
usr/local/texlive/2012/texmf-dist/fonts/type1/public/amsfonts/cm/cmcsc10.pfb></
usr/local/texlive/2012/texmf-dist/fonts/type1/public/amsfonts/cm/cmmi10.pfb></u
sr/local/texlive/2012/texmf-dist/fonts/type1/public/amsfonts/cm/cmmi6.pfb></usr
/local/texlive/2012/texmf-dist/fonts/type1/public/amsfonts/cm/cmmi7.pfb></usr/l
ocal/texlive/2012/texmf-dist/fonts/type1/public/amsfonts/cm/cmmi8.pfb></usr/loc
al/texlive/2012/texmf-dist/fonts/type1/public/amsfonts/cm/cmmib10.pfb></usr/loc
al/texlive/2012/texmf-dist/fonts/type1/public/amsfonts/cm/cmr10.pfb></usr/local
/texlive/2012/texmf-dist/fonts/type1/public/amsfonts/cm/cmr12.pfb></usr/local/t
exlive/2012/texmf-dist/fonts/type1/public/amsfonts/cm/cmr6.pfb></usr/local/texl
ive/2012/texmf-dist/fonts/type1/public/amsfonts/cm/cmr7.pfb></usr/local/texlive
/2012/texmf-dist/fonts/type1/public/amsfonts/cm/cmr8.pfb></usr/local/texlive/20
12/texmf-dist/fonts/type1/public/amsfonts/cm/cmr9.pfb></usr/local/texlive/2012/
texmf-dist/fonts/type1/public/amsfonts/cm/cmsl12.pfb></usr/local/texlive/2012/t
exmf-dist/fonts/type1/public/amsfonts/cm/cmsy10.pfb></usr/local/texlive/2012/te
xmf-dist/fonts/type1/public/amsfonts/cm/cmti10.pfb></usr/local/texlive/2012/tex
mf-dist/fonts/type1/public/amsfonts/cm/cmti12.pfb></usr/local/texlive/2012/texm
f-dist/fonts/type1/public/amsfonts/cm/cmtt10.pfb></usr/local/texlive/2012/texmf
-dist/fonts/type1/public/amsfonts/cm/cmtt8.pfb>
Output written on main.pdf (51 pages, 2547242 bytes).
PDF statistics:
 1002 PDF objects out of 1200 (max. 8388607)
 854 compressed objects within 9 object streams
 203 named destinations out of 1000 (max. 500000)
 722 words of extra memory for PDF output out of 10000 (max. 10000000)

