\BOOKMARK [0][-]{dummy.1}{\376\377\000A\000b\000s\000t\000r\000a\000c\000t}{}% 1
\BOOKMARK [0][-]{dummy.2}{\376\377\000A\000c\000k\000n\000o\000w\000l\000e\000d\000g\000e\000m\000e\000n\000t\000s}{}% 2
\BOOKMARK [0][-]{dummy.3}{\376\377\000C\000o\000n\000t\000e\000n\000t\000s}{}% 3
\BOOKMARK [0][-]{dummy.5}{\376\377\000L\000i\000s\000t\000\040\000o\000f\000\040\000F\000i\000g\000u\000r\000e\000s}{}% 4
\BOOKMARK [0][-]{dummy.7}{\376\377\000L\000i\000s\000t\000\040\000o\000f\000\040\000T\000a\000b\000l\000e\000s}{}% 5
\BOOKMARK [0][-]{dummy.9}{\376\377\000A\000b\000b\000r\000e\000v\000i\000a\000t\000i\000o\000n\000s}{}% 6
\BOOKMARK [0][-]{dummy.12}{\376\377\000P\000h\000y\000s\000i\000c\000a\000l\000\040\000C\000o\000n\000s\000t\000a\000n\000t\000s}{}% 7
\BOOKMARK [0][-]{dummy.15}{\376\377\000P\000h\000y\000s\000i\000c\000a\000l\000\040\000C\000o\000n\000s\000t\000a\000n\000t\000s}{}% 8
\BOOKMARK [0][-]{dummy.18}{\376\377\000S\000y\000m\000b\000o\000l\000s}{}% 9
\BOOKMARK [0][-]{chapter.21}{\376\377\0001\000\040\000S\000e\000a\000r\000c\000h\000i\000n\000g\000\040\000m\000o\000d\000e\000l\000\040\000b\000e\000h\000a\000v\000i\000o\000r}{}% 10
\BOOKMARK [1][-]{section.22}{\376\377\0001\000.\0001\000\040\000M\000o\000t\000i\000v\000a\000t\000i\000o\000n\000\040\000a\000n\000d\000\040\000o\000v\000e\000r\000a\000l\000l\000\040\000p\000r\000o\000c\000e\000d\000u\000r\000e}{chapter.21}% 11
\BOOKMARK [2][-]{subsection.28}{\376\377\0001\000.\0001\000.\0001\000\040\000S\000e\000l\000e\000c\000t\000i\000n\000g\000\040\000f\000i\000x\000e\000d\000\040\000p\000a\000r\000a\000m\000e\000t\000e\000r\000s}{section.22}% 12
\BOOKMARK [1][-]{section.29}{\376\377\0001\000.\0002\000\040\000I\000n\000v\000e\000r\000s\000e\000\040\000s\000i\000m\000u\000l\000a\000t\000i\000o\000n\000\040\000w\000i\000t\000h\000\040\000a\000\040\000g\000e\000n\000e\000t\000i\000c\000\040\000a\000l\000g\000o\000r\000i\000t\000h\000m}{chapter.21}% 13
\BOOKMARK [2][-]{subsection.36}{\376\377\0001\000.\0002\000.\0001\000\040\000R\000e\000p\000r\000e\000s\000e\000n\000t\000i\000n\000g\000\040\000p\000a\000r\000a\000m\000e\000t\000e\000r\000s\000\040\000a\000s\000\040\000g\000e\000n\000e\000s}{section.29}% 14
\BOOKMARK [2][-]{subsection.38}{\376\377\0001\000.\0002\000.\0002\000\040\000M\000o\000d\000e\000l\000\040\000f\000i\000t\000n\000e\000s\000s}{section.29}% 15
\BOOKMARK [3][-]{subsubsection.39}{\376\377\0001\000.\0002\000.\0002\000.\0001\000\040\000M\000a\000r\000k\000e\000t\000\040\000r\000e\000s\000p\000o\000n\000s\000e\000\040\000t\000i\000m\000e}{subsection.38}% 16
\BOOKMARK [3][-]{subsubsection.42}{\376\377\0001\000.\0002\000.\0002\000.\0002\000\040\000M\000a\000r\000k\000e\000t\000\040\000o\000v\000e\000r\000s\000h\000o\000o\000t}{subsection.38}% 17
\BOOKMARK [3][-]{subsubsection.44}{\376\377\0001\000.\0002\000.\0002\000.\0003\000\040\000P\000r\000i\000c\000e\000\040\000f\000l\000i\000c\000k\000e\000r\000i\000n\000g}{subsection.38}% 18
\BOOKMARK [2][-]{subsection.52}{\376\377\0001\000.\0002\000.\0003\000\040\000C\000o\000n\000f\000i\000g\000u\000r\000i\000n\000g\000\040\000w\000i\000t\000h\000\040\000g\000e\000n\000e\000t\000i\000c\000\040\000a\000l\000g\000o\000r\000i\000t\000h\000m}{section.29}% 19
\BOOKMARK [2][-]{subsection.54}{\376\377\0001\000.\0002\000.\0004\000\040\000O\000p\000t\000i\000m\000i\000z\000i\000n\000g\000\040\000t\000o\000w\000a\000r\000d\000s\000\040\000d\000e\000s\000i\000r\000e\000d\000\040\000b\000e\000h\000a\000v\000i\000o\000r}{section.29}% 20
\BOOKMARK [2][-]{subsection.56}{\376\377\0001\000.\0002\000.\0005\000\040\000F\000i\000l\000t\000e\000r\000i\000n\000g\000\040\000p\000a\000r\000a\000m\000e\000t\000e\000r\000s}{section.29}% 21
\BOOKMARK [1][-]{section.58}{\376\377\0001\000.\0003\000\040\000A\000p\000p\000l\000y\000i\000n\000g\000\040\000t\000h\000e\000\040\000g\000e\000n\000e\000t\000i\000c\000\040\000a\000l\000g\000o\000r\000i\000t\000h\000m}{chapter.21}% 22
\BOOKMARK [2][-]{subsection.59}{\376\377\0001\000.\0003\000.\0001\000\040\000T\000i\000m\000e\000\040\000c\000o\000m\000p\000l\000e\000x\000i\000t\000y}{section.58}% 23
\BOOKMARK [2][-]{subsection.60}{\376\377\0001\000.\0003\000.\0002\000\040\000E\000x\000p\000e\000r\000i\000m\000e\000n\000t\000s\000:\000\040\000D\000i\000v\000i\000d\000i\000n\000g\000\040\000t\000h\000e\000\040\000s\000e\000a\000r\000c\000h\000\040\000i\000n\000t\000o\000\040\000p\000a\000r\000t\000s}{section.58}% 24
\BOOKMARK [2][-]{subsection.62}{\376\377\0001\000.\0003\000.\0003\000\040\000G\000e\000n\000e\000\040\000p\000o\000o\000l\000\040\000a\000s\000\040\000d\000a\000t\000a\000\040\000s\000e\000t}{section.58}% 25
\BOOKMARK [1][-]{section.70}{\376\377\0001\000.\0004\000\040\000D\000a\000t\000a\000\040\000a\000n\000a\000l\000y\000s\000i\000s}{chapter.21}% 26
\BOOKMARK [2][-]{subsection.71}{\376\377\0001\000.\0004\000.\0001\000\040\000D\000a\000t\000a\000\040\000v\000i\000s\000u\000a\000l\000i\000z\000a\000t\000i\000o\000n}{section.70}% 27
\BOOKMARK [3][-]{subsubsection.72}{\376\377\0001\000.\0004\000.\0001\000.\0001\000\040\000C\000o\000l\000o\000r\000\040\000t\000o\000n\000e\000d\000\040\000s\000c\000a\000t\000t\000e\000r\000\040\000p\000l\000o\000t\000s}{subsection.71}% 28
\BOOKMARK [2][-]{subsection.73}{\376\377\0001\000.\0004\000.\0002\000\040\000P\000r\000e\000p\000r\000o\000c\000e\000s\000s\000i\000n\000g}{section.70}% 29
\BOOKMARK [3][-]{subsubsection.74}{\376\377\0001\000.\0004\000.\0002\000.\0001\000\040\000H\000a\000n\000d\000l\000i\000n\000g\000\040\000o\000u\000t\000l\000i\000e\000r\000s}{subsection.73}% 30
\BOOKMARK [2][-]{subsection.79}{\376\377\0001\000.\0004\000.\0003\000\040\000C\000l\000u\000s\000t\000e\000r\000i\000n\000g\000\040\000a\000l\000g\000o\000r\000i\000t\000h\000m\000s}{section.70}% 31
\BOOKMARK [3][-]{subsubsection.80}{\376\377\0001\000.\0004\000.\0003\000.\0001\000\040\000G\000M\000M}{subsection.79}% 32
\BOOKMARK [0][-]{appendix.81}{\376\377\000A\000\040\000A\000d\000d\000i\000t\000i\000o\000n\000a\000l\000\040\000t\000a\000b\000l\000e\000s}{}% 33
\BOOKMARK [1][-]{section.82}{\376\377\000A\000.\0001\000\040\000D\000a\000t\000a\000s\000e\000t\000\040\0001}{appendix.81}% 34
\BOOKMARK [0][-]{appendix.83}{\376\377\000B\000\040\000T\000h\000i\000r\000d\000\040\000p\000a\000r\000t\000y\000\040\000s\000o\000f\000t\000w\000a\000r\000e}{}% 35
\BOOKMARK [0][-]{appendix.84}{\376\377\000C\000\040\000A\000d\000d\000i\000t\000i\000o\000n\000a\000l\000\040\000f\000i\000g\000u\000r\000e\000s}{}% 36
\BOOKMARK [0][-]{dummy.85}{\376\377\000B\000i\000b\000l\000i\000o\000g\000r\000a\000p\000h\000y}{}% 37
