This is pdfTeX, Version 3.1415926-2.4-1.40.13 (TeX Live 2012) (format=pdflatex 2012.6.30)  21 JAN 2014 17:14
entering extended mode
 restricted \write18 enabled.
 %&-line parsing enabled.
**masterthesis-sample.tex
(./masterthesis-sample.tex
LaTeX2e <2011/06/27>
Babel <v3.8m> and hyphenation patterns for english, dumylang, nohyphenation, ge
rman-x-2012-05-30, ngerman-x-2012-05-30, afrikaans, ancientgreek, ibycus, arabi
c, armenian, basque, bulgarian, catalan, pinyin, coptic, croatian, czech, danis
h, dutch, ukenglish, usenglishmax, esperanto, estonian, ethiopic, farsi, finnis
h, french, friulan, galician, german, ngerman, swissgerman, monogreek, greek, h
ungarian, icelandic, assamese, bengali, gujarati, hindi, kannada, malayalam, ma
rathi, oriya, panjabi, tamil, telugu, indonesian, interlingua, irish, italian, 
kurmanji, latin, latvian, lithuanian, mongolian, mongolianlmc, bokmal, nynorsk,
 polish, portuguese, romanian, romansh, russian, sanskrit, serbian, serbianc, s
lovak, slovenian, spanish, swedish, turkish, turkmen, ukrainian, uppersorbian, 
welsh, loaded.
(/usr/local/texlive/2012/texmf-dist/tex/latex/base/article.cls
Document Class: article 2007/10/19 v1.4h Standard LaTeX document class
(/usr/local/texlive/2012/texmf-dist/tex/latex/base/size12.clo
File: size12.clo 2007/10/19 v1.4h Standard LaTeX file (size option)
)
\c@part=\count79
\c@section=\count80
\c@subsection=\count81
\c@subsubsection=\count82
\c@paragraph=\count83
\c@subparagraph=\count84
\c@figure=\count85
\c@table=\count86
\abovecaptionskip=\skip41
\belowcaptionskip=\skip42
\bibindent=\dimen102
)
(./masterthesis-e.sty
(/usr/local/texlive/2012/texmf-dist/tex/latex/fancyhdr/fancyhdr.sty
\fancy@headwidth=\skip43
\f@ncyO@elh=\skip44
\f@ncyO@erh=\skip45
\f@ncyO@olh=\skip46
\f@ncyO@orh=\skip47
\f@ncyO@elf=\skip48
\f@ncyO@erf=\skip49
\f@ncyO@olf=\skip50
\f@ncyO@orf=\skip51
))
(/usr/local/texlive/2012/texmf-dist/tex/latex/natbib/natbib.sty
Package: natbib 2010/09/13 8.31b (PWD, AO)
\bibhang=\skip52
\bibsep=\skip53
LaTeX Info: Redefining \cite on input line 694.
\c@NAT@ctr=\count87
)
(/usr/local/texlive/2012/texmf-dist/tex/latex/caption/subcaption.sty
Package: subcaption 2012/01/12 v1.1d Sub-captions (AR)

(/usr/local/texlive/2012/texmf-dist/tex/latex/caption/caption.sty
Package: caption 2012/02/19 v3.2f Customizing captions (AR)

(/usr/local/texlive/2012/texmf-dist/tex/latex/caption/caption3.sty
Package: caption3 2012/01/12 v1.4b caption3 kernel (AR)

(/usr/local/texlive/2012/texmf-dist/tex/latex/graphics/keyval.sty
Package: keyval 1999/03/16 v1.13 key=value parser (DPC)
\KV@toks@=\toks14
)
\captionmargin=\dimen103
\captionmargin@=\dimen104
\captionwidth=\dimen105
\caption@indent=\dimen106
\caption@parindent=\dimen107
\caption@hangindent=\dimen108
)
\c@ContinuedFloat=\count88
)
\c@subfigure=\count89
\c@subtable=\count90
)
(/usr/local/texlive/2012/texmf-dist/tex/latex/amsmath/amsmath.sty
Package: amsmath 2000/07/18 v2.13 AMS math features
\@mathmargin=\skip54

For additional information on amsmath, use the `?' option.
(/usr/local/texlive/2012/texmf-dist/tex/latex/amsmath/amstext.sty
Package: amstext 2000/06/29 v2.01

(/usr/local/texlive/2012/texmf-dist/tex/latex/amsmath/amsgen.sty
File: amsgen.sty 1999/11/30 v2.0
\@emptytoks=\toks15
\ex@=\dimen109
))
(/usr/local/texlive/2012/texmf-dist/tex/latex/amsmath/amsbsy.sty
Package: amsbsy 1999/11/29 v1.2d
\pmbraise@=\dimen110
)
(/usr/local/texlive/2012/texmf-dist/tex/latex/amsmath/amsopn.sty
Package: amsopn 1999/12/14 v2.01 operator names
)
\inf@bad=\count91
LaTeX Info: Redefining \frac on input line 211.
\uproot@=\count92
\leftroot@=\count93
LaTeX Info: Redefining \overline on input line 307.
\classnum@=\count94
\DOTSCASE@=\count95
LaTeX Info: Redefining \ldots on input line 379.
LaTeX Info: Redefining \dots on input line 382.
LaTeX Info: Redefining \cdots on input line 467.
\Mathstrutbox@=\box26
\strutbox@=\box27
\big@size=\dimen111
LaTeX Font Info:    Redeclaring font encoding OML on input line 567.
LaTeX Font Info:    Redeclaring font encoding OMS on input line 568.
\macc@depth=\count96
\c@MaxMatrixCols=\count97
\dotsspace@=\muskip10
\c@parentequation=\count98
\dspbrk@lvl=\count99
\tag@help=\toks16
\row@=\count100
\column@=\count101
\maxfields@=\count102
\andhelp@=\toks17
\eqnshift@=\dimen112
\alignsep@=\dimen113
\tagshift@=\dimen114
\tagwidth@=\dimen115
\totwidth@=\dimen116
\lineht@=\dimen117
\@envbody=\toks18
\multlinegap=\skip55
\multlinetaggap=\skip56
\mathdisplay@stack=\toks19
LaTeX Info: Redefining \[ on input line 2666.
LaTeX Info: Redefining \] on input line 2667.
)
(/usr/local/texlive/2012/texmf-dist/tex/latex/tools/verbatim.sty
Package: verbatim 2003/08/22 v1.5q LaTeX2e package for verbatim enhancements
\every@verbatim=\toks20
\verbatim@line=\toks21
\verbatim@in@stream=\read1
)
(/usr/local/texlive/2012/texmf-dist/tex/latex/tools/array.sty
Package: array 2008/09/09 v2.4c Tabular extension package (FMi)
\col@sep=\dimen118
\extrarowheight=\dimen119
\NC@list=\toks22
\extratabsurround=\skip57
\backup@length=\skip58
)
(/usr/local/texlive/2012/texmf-dist/tex/latex/graphics/graphicx.sty
Package: graphicx 1999/02/16 v1.0f Enhanced LaTeX Graphics (DPC,SPQR)

(/usr/local/texlive/2012/texmf-dist/tex/latex/graphics/graphics.sty
Package: graphics 2009/02/05 v1.0o Standard LaTeX Graphics (DPC,SPQR)

(/usr/local/texlive/2012/texmf-dist/tex/latex/graphics/trig.sty
Package: trig 1999/03/16 v1.09 sin cos tan (DPC)
)
(/usr/local/texlive/2012/texmf-dist/tex/latex/latexconfig/graphics.cfg
File: graphics.cfg 2010/04/23 v1.9 graphics configuration of TeX Live
)
Package graphics Info: Driver file: pdftex.def on input line 91.

(/usr/local/texlive/2012/texmf-dist/tex/latex/pdftex-def/pdftex.def
File: pdftex.def 2011/05/27 v0.06d Graphics/color for pdfTeX

(/usr/local/texlive/2012/texmf-dist/tex/generic/oberdiek/infwarerr.sty
Package: infwarerr 2010/04/08 v1.3 Providing info/warning/error messages (HO)
)
(/usr/local/texlive/2012/texmf-dist/tex/generic/oberdiek/ltxcmds.sty
Package: ltxcmds 2011/11/09 v1.22 LaTeX kernel commands for general use (HO)
)
\Gread@gobject=\count103
))
\Gin@req@height=\dimen120
\Gin@req@width=\dimen121
)
(/usr/local/texlive/2012/texmf-dist/tex/latex/booktabs/booktabs.sty
Package: booktabs 2005/04/14 v1.61803 publication quality tables
\heavyrulewidth=\dimen122
\lightrulewidth=\dimen123
\cmidrulewidth=\dimen124
\belowrulesep=\dimen125
\belowbottomsep=\dimen126
\aboverulesep=\dimen127
\abovetopsep=\dimen128
\cmidrulesep=\dimen129
\cmidrulekern=\dimen130
\defaultaddspace=\dimen131
\@cmidla=\count104
\@cmidlb=\count105
\@aboverulesep=\dimen132
\@belowrulesep=\dimen133
\@thisruleclass=\count106
\@lastruleclass=\count107
\@thisrulewidth=\dimen134
)

LaTeX Warning: Unused global option(s):
    [a4j].

(./masterthesis-sample.aux

LaTeX Warning: Label `fig:information_exchange' multiply defined.

)
\openout1 = `masterthesis-sample.aux'.

LaTeX Font Info:    Checking defaults for OML/cmm/m/it on input line 170.
LaTeX Font Info:    ... okay on input line 170.
LaTeX Font Info:    Checking defaults for T1/cmr/m/n on input line 170.
LaTeX Font Info:    ... okay on input line 170.
LaTeX Font Info:    Checking defaults for OT1/cmr/m/n on input line 170.
LaTeX Font Info:    ... okay on input line 170.
LaTeX Font Info:    Checking defaults for OMS/cmsy/m/n on input line 170.
LaTeX Font Info:    ... okay on input line 170.
LaTeX Font Info:    Checking defaults for OMX/cmex/m/n on input line 170.
LaTeX Font Info:    ... okay on input line 170.
LaTeX Font Info:    Checking defaults for U/cmr/m/n on input line 170.
LaTeX Font Info:    ... okay on input line 170.
Package caption Info: Begin \AtBeginDocument code.
Package caption Info: End \AtBeginDocument code.
 (/usr/local/texlive/2012/texmf-dist/tex/context/base/supp-pdf.mkii
[Loading MPS to PDF converter (version 2006.09.02).]
\scratchcounter=\count108
\scratchdimen=\dimen135
\scratchbox=\box28
\nofMPsegments=\count109
\nofMParguments=\count110
\everyMPshowfont=\toks23
\MPscratchCnt=\count111
\MPscratchDim=\dimen136
\MPnumerator=\count112
\makeMPintoPDFobject=\count113
\everyMPtoPDFconversion=\toks24
) (/usr/local/texlive/2012/texmf-dist/tex/generic/oberdiek/pdftexcmds.sty
Package: pdftexcmds 2011/11/29 v0.20 Utility functions of pdfTeX for LuaTeX (HO
)

(/usr/local/texlive/2012/texmf-dist/tex/generic/oberdiek/ifluatex.sty
Package: ifluatex 2010/03/01 v1.3 Provides the ifluatex switch (HO)
Package ifluatex Info: LuaTeX not detected.
)
(/usr/local/texlive/2012/texmf-dist/tex/generic/oberdiek/ifpdf.sty
Package: ifpdf 2011/01/30 v2.3 Provides the ifpdf switch (HO)
Package ifpdf Info: pdfTeX in PDF mode is detected.
)
Package pdftexcmds Info: LuaTeX not detected.
Package pdftexcmds Info: \pdf@primitive is available.
Package pdftexcmds Info: \pdf@ifprimitive is available.
Package pdftexcmds Info: \pdfdraftmode found.
)
(/usr/local/texlive/2012/texmf-dist/tex/latex/oberdiek/epstopdf-base.sty
Package: epstopdf-base 2010/02/09 v2.5 Base part for package epstopdf

(/usr/local/texlive/2012/texmf-dist/tex/latex/oberdiek/grfext.sty
Package: grfext 2010/08/19 v1.1 Manage graphics extensions (HO)

(/usr/local/texlive/2012/texmf-dist/tex/generic/oberdiek/kvdefinekeys.sty
Package: kvdefinekeys 2011/04/07 v1.3 Define keys (HO)
))
(/usr/local/texlive/2012/texmf-dist/tex/latex/oberdiek/kvoptions.sty
Package: kvoptions 2011/06/30 v3.11 Key value format for package options (HO)

(/usr/local/texlive/2012/texmf-dist/tex/generic/oberdiek/kvsetkeys.sty
Package: kvsetkeys 2012/04/25 v1.16 Key value parser (HO)

(/usr/local/texlive/2012/texmf-dist/tex/generic/oberdiek/etexcmds.sty
Package: etexcmds 2011/02/16 v1.5 Avoid name clashes with e-TeX commands (HO)
Package etexcmds Info: Could not find \expanded.
(etexcmds)             That can mean that you are not using pdfTeX 1.50 or
(etexcmds)             that some package has redefined \expanded.
(etexcmds)             In the latter case, load this package earlier.
)))
Package grfext Info: Graphics extension search list:
(grfext)             [.png,.pdf,.jpg,.mps,.jpeg,.jbig2,.jb2,.PNG,.PDF,.JPG,.JPE
G,.JBIG2,.JB2,.eps]
(grfext)             \AppendGraphicsExtensions on input line 452.

(/usr/local/texlive/2012/texmf-dist/tex/latex/latexconfig/epstopdf-sys.cfg
File: epstopdf-sys.cfg 2010/07/13 v1.3 Configuration of (r)epstopdf for TeX Liv
e
))
Underfull \vbox (badness 10000) has occurred while \output is active []

 [1

{/usr/local/texlive/2012/texmf-var/fonts/map/pdftex/updmap/pdftex.map}]

Package Fancyhdr Warning: \headheight is too small (14.22636pt): 
 Make it at least 14.49998pt.
 We now make it that large for the rest of the document.
 This may cause the page layout to be inconsistent, however.

[2] (./masterthesis-sample.toc [1

] [2])
\tf@toc=\write3
\openout3 = `masterthesis-sample.toc'.

 [3] [4

] [1] (./masterthesis-sample.toc)
\tf@toc=\write4
\openout4 = `masterthesis-sample.toc'.

[2] (./masterthesis-sample.lof [3])
\tf@lof=\write5
\openout5 = `masterthesis-sample.lof'.

 [4] (./masterthesis-sample.lot)
\tf@lot=\write6
\openout6 = `masterthesis-sample.lot'.

 [5]
(./Chapters/introduction.tex [6]

Package natbib Warning: Citation `chiWang' on page 7 undefined on input line 45
.


Package natbib Warning: Citation `theImpactOfHeterogenous' on page 7 undefined 
on input line 45.


Package natbib Warning: Citation `financialBlackSwans' on page 7 undefined on i
nput line 47.

[7]

Package natbib Warning: Citation `highFrequencyTrading' on page 8 undefined on 
input line 51.


Package natbib Warning: Citation `evaluationOfAutomated' on page 8 undefined on
 input line 51.


Package natbib Warning: Citation `riseOfComputerizedTrading' on page 8 undefine
d on input line 53.


Package natbib Warning: Citation `anEcologicalPerspective' on page 8 undefined 
on input line 55.


Package natbib Warning: Citation `financialBlackSwans' on page 8 undefined on i
nput line 55.


Package natbib Warning: Citation `strategicLiquiditySupply' on page 8 undefined
 on input line 55.

[8]) [9] (./Chapters/model.tex

LaTeX Warning: Reference `chapter:high_frequency_trading' on page 10 undefined 
on input line 12.

<Figures/Electron.pdf, id=59, 398.3386pt x 284.52756pt>
File: Figures/Electron.pdf Graphic file (type pdf)

<use Figures/Electron.pdf>
Package pdftex.def Info: Figures/Electron.pdf used on input line 45.
(pdftex.def)             Requested size: 398.33762pt x 284.52686pt.
 [10]
Underfull \vbox (badness 10000) has occurred while \output is active []

 [11 <./Figures/Electron.pdf>]
File: Figures/Electron.pdf Graphic file (type pdf)
 <use Figures/Electron.pdf>
Package pdftex.def Info: Figures/Electron.pdf used on input line 88.
(pdftex.def)             Requested size: 398.33762pt x 284.52686pt.
 [12]
File: Figures/Electron.pdf Graphic file (type pdf)
 <use Figures/Electron.pdf>
Package pdftex.def Info: Figures/Electron.pdf used on input line 103.
(pdftex.def)             Requested size: 398.33762pt x 284.52686pt.

[13] [14]
File: Figures/Electron.pdf Graphic file (type pdf)
 <use Figures/Electron.pdf>
Package pdftex.def Info: Figures/Electron.pdf used on input line 151.
(pdftex.def)             Requested size: 398.33762pt x 284.52686pt.


LaTeX Warning: Reference `section_marketRules' on page 15 undefined on input li
ne 168.

[15]
File: Figures/Electron.pdf Graphic file (type pdf)
 <use Figures/Electron.pdf>
Package pdftex.def Info: Figures/Electron.pdf used on input line 181.
(pdftex.def)             Requested size: 398.33762pt x 284.52686pt.
 [16] [17]

Package natbib Warning: Citation `chiWang' on page 18 undefined on input line 1
97.


Package natbib Warning: Citation `theImpactOfHeterogenous' on page 18 undefined
 on input line 197.


LaTeX Warning: Reference `section:fundamental_price' on page 18 undefined on in
put line 202.

[18]

Package natbib Warning: Citation `strategicLiquiditySupply' on page 19 undefine
d on input line 224.

[19] [20] [21] [22] [23]) [24]
(./Chapters/parameter_tuning_and_analysis_tools.tex
File: Figures/Electron.pdf Graphic file (type pdf)
 <use Figures/Electron.pdf>
Package pdftex.def Info: Figures/Electron.pdf used on input line 25.
(pdftex.def)             Requested size: 227.62204pt x 162.59048pt.

Overfull \hbox (4.54994pt too wide) in paragraph at lines 25--25
 [][] 
 []

File: Figures/Electron.pdf Graphic file (type pdf)
<use Figures/Electron.pdf>
Package pdftex.def Info: Figures/Electron.pdf used on input line 27.
(pdftex.def)             Requested size: 227.62204pt x 162.59048pt.

Overfull \hbox (4.54994pt too wide) in paragraph at lines 27--27
 [][] 
 []

[25] [26]

Package natbib Warning: Citation `genetic1' on page 27 undefined on input line 
74.


Package natbib Warning: Citation `genetic2' on page 27 undefined on input line 
74.

[27] [28]
<Figures/figure_in_fitness_section/a_stable_within_margin.png, id=185, 722.7pt 
x 578.16pt>
File: Figures/figure_in_fitness_section/a_stable_within_margin.png Graphic file
 (type png)
 <use Figures/figure_in_fitness_section/a_stable_within_margin.png>
Package pdftex.def Info: Figures/figure_in_fitness_section/a_stable_within_marg
in.png used on input line 141.
(pdftex.def)             Requested size: 227.62204pt x 182.0949pt.

Overfull \hbox (4.54994pt too wide) in paragraph at lines 141--141
 [][] 
 []


<Figures/figure_in_fitness_section/b_flicker_but_mostly_within_margin.png, id=1
87, 722.7pt x 578.16pt>
File: Figures/figure_in_fitness_section/b_flicker_but_mostly_within_margin.png 
Graphic file (type png)

<use Figures/figure_in_fitness_section/b_flicker_but_mostly_within_margin.png>
Package pdftex.def Info: Figures/figure_in_fitness_section/b_flicker_but_mostly
_within_margin.png used on input line 143.
(pdftex.def)             Requested size: 227.62204pt x 182.0949pt.

Overfull \hbox (4.54994pt too wide) in paragraph at lines 143--143
 [][] 
 []


<Figures/figure_in_fitness_section/c_flickering_on_margin.png, id=188, 722.7pt 
x 578.16pt>
File: Figures/figure_in_fitness_section/c_flickering_on_margin.png Graphic file
 (type png)
 <use Figures/figure_in_fitness_section/c_flickering_on_margin.png>
Package pdftex.def Info: Figures/figure_in_fitness_section/c_flickering_on_marg
in.png used on input line 145.
(pdftex.def)             Requested size: 227.62204pt x 182.0949pt.

Overfull \hbox (4.54994pt too wide) in paragraph at lines 145--145
 [][] 
 []


<Figures/figure_in_fitness_section/d_never_reach_fundamental.png, id=189, 722.7
pt x 578.16pt>
File: Figures/figure_in_fitness_section/d_never_reach_fundamental.png Graphic f
ile (type png)

<use Figures/figure_in_fitness_section/d_never_reach_fundamental.png>
Package pdftex.def Info: Figures/figure_in_fitness_section/d_never_reach_fundam
ental.png used on input line 147.
(pdftex.def)             Requested size: 227.62204pt x 182.0949pt.

Overfull \hbox (4.54994pt too wide) in paragraph at lines 147--147
 [][] 
 []


<Figures/figure_in_fitness_section/e_stable_under_fundamental.png, id=190, 722.
7pt x 578.16pt>
File: Figures/figure_in_fitness_section/e_stable_under_fundamental.png Graphic 
file (type png)

<use Figures/figure_in_fitness_section/e_stable_under_fundamental.png>
Package pdftex.def Info: Figures/figure_in_fitness_section/e_stable_under_funda
mental.png used on input line 149.
(pdftex.def)             Requested size: 227.62204pt x 182.0949pt.

Overfull \hbox (4.54994pt too wide) in paragraph at lines 149--149
 [][] 
 []

<Figures/figure_in_fitness_section/f_crash.png, id=191, 578.16pt x 433.62pt>
File: Figures/figure_in_fitness_section/f_crash.png Graphic file (type png)

<use Figures/figure_in_fitness_section/f_crash.png>
Package pdftex.def Info: Figures/figure_in_fitness_section/f_crash.png used on 
input line 151.
(pdftex.def)             Requested size: 227.62204pt x 170.71231pt.

Overfull \hbox (4.54994pt too wide) in paragraph at lines 151--151
 [][] 
 []


<Figures/issue_113_tradeprice_plots/all/low_stdev_but_not_stable.png, id=192, 5
78.16pt x 289.08pt>
File: Figures/issue_113_tradeprice_plots/all/low_stdev_but_not_stable.png Graph
ic file (type png)

<use Figures/issue_113_tradeprice_plots/all/low_stdev_but_not_stable.png>
Package pdftex.def Info: Figures/issue_113_tradeprice_plots/all/low_stdev_but_n
ot_stable.png used on input line 171.
(pdftex.def)             Requested size: 227.62204pt x 113.8082pt.

Overfull \hbox (4.54994pt too wide) in paragraph at lines 171--171
 [][] 
 []


<Figures/issue_113_tradeprice_plots/all/low_stdev_and_stable.png, id=193, 578.1
6pt x 289.08pt>
File: Figures/issue_113_tradeprice_plots/all/low_stdev_and_stable.png Graphic f
ile (type png)

<use Figures/issue_113_tradeprice_plots/all/low_stdev_and_stable.png>
Package pdftex.def Info: Figures/issue_113_tradeprice_plots/all/low_stdev_and_s
table.png used on input line 173.
(pdftex.def)             Requested size: 227.62204pt x 113.8082pt.

Overfull \hbox (4.54994pt too wide) in paragraph at lines 173--173
 [][] 
 []


<Figures/issue_113_tradeprice_plots/all/high_stdev_but_stable.png, id=194, 578.
16pt x 289.08pt>
File: Figures/issue_113_tradeprice_plots/all/high_stdev_but_stable.png Graphic 
file (type png)

<use Figures/issue_113_tradeprice_plots/all/high_stdev_but_stable.png>
Package pdftex.def Info: Figures/issue_113_tradeprice_plots/all/high_stdev_but_
stable.png used on input line 175.
(pdftex.def)             Requested size: 227.62204pt x 113.8082pt.

Overfull \hbox (4.54994pt too wide) in paragraph at lines 175--175
 [][] 
 []

[29] [30 <./Figures/figure_in_fitness_section/a_stable_within_margin.png> <./Fi
gures/figure_in_fitness_section/b_flicker_but_mostly_within_margin.png> <./Figu
res/figure_in_fitness_section/c_flickering_on_margin.png> <./Figures/figure_in_
fitness_section/d_never_reach_fundamental.png> <./Figures/figure_in_fitness_sec
tion/e_stable_under_fundamental.png> <./Figures/figure_in_fitness_section/f_cra
sh.png>] [31 <./Figures/issue_113_tradeprice_plots/all/low_stdev_but_not_stable
.png> <./Figures/issue_113_tradeprice_plots/all/low_stdev_and_stable.png> <./Fi
gures/issue_113_tradeprice_plots/all/high_stdev_but_stable.png>]
File: Figures/Electron.pdf Graphic file (type pdf)

<use Figures/Electron.pdf>
Package pdftex.def Info: Figures/Electron.pdf used on input line 232.
(pdftex.def)             Requested size: 398.33762pt x 284.52686pt.
LaTeX Font Info:    Try loading font information for OMS+cmr on input line 261.


(/usr/local/texlive/2012/texmf-dist/tex/latex/base/omscmr.fd
File: omscmr.fd 1999/05/25 v2.5h Standard LaTeX font definitions
)
LaTeX Font Info:    Font shape `OMS/cmr/m/n' in size <12> not available
(Font)              Font shape `OMS/cmsy/m/n' tried instead on input line 261.
 [32] [33]

LaTeX Warning: Reference `chapter:results_and_discussion' on page 34 undefined 
on input line 282.


LaTeX Warning: Reference `section:experiments_overview' on page 34 undefined on
 input line 282.


LaTeX Warning: Reference `results_and_discussion' on page 34 undefined on input
 line 282.

[34] (./Tables/example_dataset_parameters.tex)
(./Tables/example_dataset_fitnesses.tex) [35]

LaTeX Warning: Reference `section:failed_simulations' on page 36 undefined on i
nput line 330.

[36]

Package caption Warning: \label without proper \caption on input line 345.
See the caption package documentation for explanation.


LaTeX Warning: Reference `figure:scatter_log_transform' on page 37 undefined on
 input line 338.

<Figures/21_scatter_plots/d3/f.png, id=231, 578.16pt x 433.62pt>
File: Figures/21_scatter_plots/d3/f.png Graphic file (type png)

<use Figures/21_scatter_plots/d3/f.png>
Package pdftex.def Info: Figures/21_scatter_plots/d3/f.png used on input line 3
47.
(pdftex.def)             Requested size: 227.62204pt x 170.71231pt.

Overfull \hbox (4.54994pt too wide) in paragraph at lines 347--347
 [][] 
 []

<Figures/21_scatter_plots/d3/g.png, id=232, 578.16pt x 433.62pt>
File: Figures/21_scatter_plots/d3/g.png Graphic file (type png)

<use Figures/21_scatter_plots/d3/g.png>
Package pdftex.def Info: Figures/21_scatter_plots/d3/g.png used on input line 3
49.
(pdftex.def)             Requested size: 227.62204pt x 170.71231pt.

Overfull \hbox (4.54994pt too wide) in paragraph at lines 349--349
 [][] 
 []

<Figures/103_scatter_manual_outlier/d3/a.png, id=233, 578.16pt x 433.62pt>
File: Figures/103_scatter_manual_outlier/d3/a.png Graphic file (type png)

<use Figures/103_scatter_manual_outlier/d3/a.png>
Package pdftex.def Info: Figures/103_scatter_manual_outlier/d3/a.png used on in
put line 351.
(pdftex.def)             Requested size: 227.62204pt x 170.71231pt.

Overfull \hbox (4.54994pt too wide) in paragraph at lines 351--351
 [][] 
 []

<Figures/103_scatter_manual_outlier/d3/b.png, id=234, 578.16pt x 433.62pt>
File: Figures/103_scatter_manual_outlier/d3/b.png Graphic file (type png)

<use Figures/103_scatter_manual_outlier/d3/b.png>
Package pdftex.def Info: Figures/103_scatter_manual_outlier/d3/b.png used on in
put line 353.
(pdftex.def)             Requested size: 227.62204pt x 170.71231pt.

Overfull \hbox (4.54994pt too wide) in paragraph at lines 353--353
 [][] 
 []


Underfull \hbox (badness 1852) in paragraph at lines 347--354
[][] []
 []

) [37] [38 <./Figures/21_scatter_plots/d3/f.png> <./Figures/21_scatter_plots/d3
/g.png> <./Figures/103_scatter_manual_outlier/d3/a.png> <./Figures/103_scatter_
manual_outlier/d3/b.png>] [39] (./Chapters/results_new.tex

LaTeX Warning: Reference `chapter:ga' on page 40 undefined on input line 5.


Overfull \hbox (17.66536pt too wide) in paragraph at lines 12--13
[]\OT1/cmr/m/n/12 This
 []

[40]
Underfull \hbox (badness 10000) in paragraph at lines 24--24
[]|\OT1/cmr/m/n/12 All pa-ram-e-ters
 []


Underfull \hbox (badness 4242) in paragraph at lines 24--25
[]|$\OML/cmm/m/it/12 ^^U[]$\OT1/cmr/m/n/12 , $\OML/cmm/m/it/12 ^^U[]$\OT1/cmr/m
/n/12 , $\OML/cmm/m/it/12 N[]$\OT1/cmr/m/n/12 ,
 []


Underfull \hbox (badness 10000) in paragraph at lines 28--28
[]|\OT1/cmr/m/n/12 Fixed num-
 []


Underfull \hbox (badness 10000) in paragraph at lines 28--28
\OT1/cmr/m/n/12 ber of HFT
 []


Underfull \hbox (badness 10000) in paragraph at lines 28--28
\OT1/cmr/m/n/12 chartists and
 []


Underfull \hbox (badness 10000) in paragraph at lines 28--28
\OT1/cmr/m/n/12 fixed strat-egy
 []


Underfull \hbox (badness 1983) in paragraph at lines 28--29
[]|$\OML/cmm/m/it/12 N[]$\OT1/cmr/m/n/12 , $\OML/cmm/m/it/12 ^^U[]$\OT1/cmr/m/n
/12 , $\OML/cmm/m/it/12 ^^U[]$\OT1/cmr/m/n/12 ,
 []


Underfull \hbox (badness 10000) in paragraph at lines 30--30
[]|\OT1/cmr/m/n/12 Fixed num-ber
 []


Underfull \hbox (badness 10000) in paragraph at lines 30--30
\OT1/cmr/m/n/12 mak-ers and
 []


Underfull \hbox (badness 10000) in paragraph at lines 30--30
\OT1/cmr/m/n/12 fixed strat-egy
 []


Underfull \hbox (badness 1983) in paragraph at lines 30--31
[]|$\OML/cmm/m/it/12 N[]$\OT1/cmr/m/n/12 , $\OML/cmm/m/it/12 ^^U[]$\OT1/cmr/m/n
/12 , $\OML/cmm/m/it/12 ^^U[]$\OT1/cmr/m/n/12 ,
 []

File: Figures/Electron.pdf Graphic file (type pdf)
<use Figures/Electron.pdf>
Package pdftex.def Info: Figures/Electron.pdf used on input line 42.
(pdftex.def)             Requested size: 318.66946pt x 227.63538pt.
 [41]
Underfull \vbox (badness 10000) has occurred while \output is active []

 [42]
<Figures/82_generation_plots/d10/round_stable.png, id=258, 578.16pt x 433.62pt>
File: Figures/82_generation_plots/d10/round_stable.png Graphic file (type png)
<use Figures/82_generation_plots/d10/round_stable.png>
Package pdftex.def Info: Figures/82_generation_plots/d10/round_stable.png used 
on input line 67.
(pdftex.def)             Requested size: 227.62204pt x 170.71231pt.

Overfull \hbox (4.54994pt too wide) in paragraph at lines 67--67
 [][] 
 []


<Figures/82_generation_plots/d10/time_to_reach_new_fundamental.png, id=259, 578
.16pt x 433.62pt>
File: Figures/82_generation_plots/d10/time_to_reach_new_fundamental.png Graphic
 file (type png)

<use Figures/82_generation_plots/d10/time_to_reach_new_fundamental.png>
Package pdftex.def Info: Figures/82_generation_plots/d10/time_to_reach_new_fund
amental.png used on input line 69.
(pdftex.def)             Requested size: 227.62204pt x 170.71231pt.

Overfull \hbox (4.54994pt too wide) in paragraph at lines 69--69
 [][] 
 []

<Figures/82_generation_plots/d10/stdev.png, id=260, 578.16pt x 433.62pt>
File: Figures/82_generation_plots/d10/stdev.png Graphic file (type png)

<use Figures/82_generation_plots/d10/stdev.png>
Package pdftex.def Info: Figures/82_generation_plots/d10/stdev.png used on inpu
t line 71.
(pdftex.def)             Requested size: 227.62204pt x 170.71231pt.

Overfull \hbox (4.54994pt too wide) in paragraph at lines 71--71
 [][] 
 []

<Figures/82_generation_plots/d10/overshoot.png, id=261, 578.16pt x 433.62pt>
File: Figures/82_generation_plots/d10/overshoot.png Graphic file (type png)

<use Figures/82_generation_plots/d10/overshoot.png>
Package pdftex.def Info: Figures/82_generation_plots/d10/overshoot.png used on 
input line 73.
(pdftex.def)             Requested size: 227.62204pt x 170.71231pt.

Overfull \hbox (4.54994pt too wide) in paragraph at lines 73--73
 [][] 
 []

[43 <./Figures/82_generation_plots/d10/round_stable.png> <./Figures/82_generati
on_plots/d10/time_to_reach_new_fundamental.png> <./Figures/82_generation_plots/
d10/stdev.png> <./Figures/82_generation_plots/d10/overshoot.png>]
<Figures/82_generation_plots/d10/latpars_mu.png, id=271, 578.16pt x 433.62pt>
File: Figures/82_generation_plots/d10/latpars_mu.png Graphic file (type png)

<use Figures/82_generation_plots/d10/latpars_mu.png>
Package pdftex.def Info: Figures/82_generation_plots/d10/latpars_mu.png used on
 input line 97.
(pdftex.def)             Requested size: 227.62204pt x 170.71231pt.

Overfull \hbox (4.54994pt too wide) in paragraph at lines 97--97
 [][] 
 []

<Figures/82_generation_plots/d10/latpars_s.png, id=272, 578.16pt x 433.62pt>
File: Figures/82_generation_plots/d10/latpars_s.png Graphic file (type png)

<use Figures/82_generation_plots/d10/latpars_s.png>
Package pdftex.def Info: Figures/82_generation_plots/d10/latpars_s.png used on 
input line 99.
(pdftex.def)             Requested size: 227.62204pt x 170.71231pt.

Overfull \hbox (4.54994pt too wide) in paragraph at lines 99--99
 [][] 
 []

<Figures/82_generation_plots/d10/nAgents.png, id=273, 578.16pt x 433.62pt>
File: Figures/82_generation_plots/d10/nAgents.png Graphic file (type png)

<use Figures/82_generation_plots/d10/nAgents.png>
Package pdftex.def Info: Figures/82_generation_plots/d10/nAgents.png used on in
put line 101.
(pdftex.def)             Requested size: 227.62204pt x 170.71231pt.

Overfull \hbox (4.54994pt too wide) in paragraph at lines 101--101
 [][] 
 []

[44] [45 <./Figures/82_generation_plots/d10/latpars_mu.png> <./Figures/82_gener
ation_plots/d10/latpars_s.png> <./Figures/82_generation_plots/d10/nAgents.png>]

LaTeX Warning: Reference `section:experiment_11' on page 46 undefined on input 
line 116.


<Figures/82_generation_plots/d9/round_stable.png, id=283, 578.16pt x 433.62pt>
File: Figures/82_generation_plots/d9/round_stable.png Graphic file (type png)

<use Figures/82_generation_plots/d9/round_stable.png>
Package pdftex.def Info: Figures/82_generation_plots/d9/round_stable.png used o
n input line 132.
(pdftex.def)             Requested size: 227.62204pt x 170.71231pt.

Overfull \hbox (4.54994pt too wide) in paragraph at lines 132--132
 [][] 
 []


<Figures/82_generation_plots/d9/time_to_reach_new_fundamental.png, id=284, 578.
16pt x 433.62pt>
File: Figures/82_generation_plots/d9/time_to_reach_new_fundamental.png Graphic 
file (type png)

<use Figures/82_generation_plots/d9/time_to_reach_new_fundamental.png>
Package pdftex.def Info: Figures/82_generation_plots/d9/time_to_reach_new_funda
mental.png used on input line 134.
(pdftex.def)             Requested size: 227.62204pt x 170.71231pt.

Overfull \hbox (4.54994pt too wide) in paragraph at lines 134--134
 [][] 
 []

<Figures/82_generation_plots/d9/stdev.png, id=285, 578.16pt x 433.62pt>
File: Figures/82_generation_plots/d9/stdev.png Graphic file (type png)

<use Figures/82_generation_plots/d9/stdev.png>
Package pdftex.def Info: Figures/82_generation_plots/d9/stdev.png used on input
 line 136.
(pdftex.def)             Requested size: 227.62204pt x 170.71231pt.

Overfull \hbox (4.54994pt too wide) in paragraph at lines 136--136
 [][] 
 []

<Figures/82_generation_plots/d9/overshoot.png, id=286, 578.16pt x 433.62pt>
File: Figures/82_generation_plots/d9/overshoot.png Graphic file (type png)

<use Figures/82_generation_plots/d9/overshoot.png>
Package pdftex.def Info: Figures/82_generation_plots/d9/overshoot.png used on i
nput line 138.
(pdftex.def)             Requested size: 227.62204pt x 170.71231pt.

Overfull \hbox (4.54994pt too wide) in paragraph at lines 138--138
 [][] 
 []

<Figures/82_generation_plots/d9/latpars_mu.png, id=287, 578.16pt x 433.62pt>
File: Figures/82_generation_plots/d9/latpars_mu.png Graphic file (type png)

<use Figures/82_generation_plots/d9/latpars_mu.png>
Package pdftex.def Info: Figures/82_generation_plots/d9/latpars_mu.png used on 
input line 148.
(pdftex.def)             Requested size: 227.62204pt x 170.71231pt.

Overfull \hbox (4.54994pt too wide) in paragraph at lines 148--148
 [][] 
 []


<Figures/82_generation_plots/d9/thinkpars_mu.png, id=288, 578.16pt x 433.62pt>
File: Figures/82_generation_plots/d9/thinkpars_mu.png Graphic file (type png)

<use Figures/82_generation_plots/d9/thinkpars_mu.png>
Package pdftex.def Info: Figures/82_generation_plots/d9/thinkpars_mu.png used o
n input line 150.
(pdftex.def)             Requested size: 227.62204pt x 170.71231pt.

Overfull \hbox (4.54994pt too wide) in paragraph at lines 150--150
 [][] 
 []


<Figures/82_generation_plots/d9/sctimehorizon_mu.png, id=289, 578.16pt x 433.62
pt>
File: Figures/82_generation_plots/d9/sctimehorizon_mu.png Graphic file (type pn
g)
 <use Figures/82_generation_plots/d9/sctimehorizon_mu.png>
Package pdftex.def Info: Figures/82_generation_plots/d9/sctimehorizon_mu.png us
ed on input line 152.
(pdftex.def)             Requested size: 227.62204pt x 170.71231pt.

Overfull \hbox (4.54994pt too wide) in paragraph at lines 152--152
 [][] 
 []


<Figures/82_generation_plots/d9/scwaittime_mu.png, id=290, 578.16pt x 433.62pt>
File: Figures/82_generation_plots/d9/scwaittime_mu.png Graphic file (type png)
<use Figures/82_generation_plots/d9/scwaittime_mu.png>
Package pdftex.def Info: Figures/82_generation_plots/d9/scwaittime_mu.png used 
on input line 154.
(pdftex.def)             Requested size: 227.62204pt x 170.71231pt.

Overfull \hbox (4.54994pt too wide) in paragraph at lines 154--154
 [][] 
 []

[46] [47 <./Figures/82_generation_plots/d9/round_stable.png> <./Figures/82_gene
ration_plots/d9/time_to_reach_new_fundamental.png> <./Figures/82_generation_plo
ts/d9/stdev.png> <./Figures/82_generation_plots/d9/overshoot.png>] [48 <./Figur
es/82_generation_plots/d9/latpars_mu.png> <./Figures/82_generation_plots/d9/thi
nkpars_mu.png> <./Figures/82_generation_plots/d9/sctimehorizon_mu.png> <./Figur
es/82_generation_plots/d9/scwaittime_mu.png>]
<Figures/82_generation_plots/d11/round_stable.png, id=308, 578.16pt x 433.62pt>
File: Figures/82_generation_plots/d11/round_stable.png Graphic file (type png)
<use Figures/82_generation_plots/d11/round_stable.png>
Package pdftex.def Info: Figures/82_generation_plots/d11/round_stable.png used 
on input line 169.
(pdftex.def)             Requested size: 227.62204pt x 170.71231pt.

Overfull \hbox (4.54994pt too wide) in paragraph at lines 169--169
 [][] 
 []


<Figures/82_generation_plots/d11/time_to_reach_new_fundamental.png, id=309, 578
.16pt x 433.62pt>
File: Figures/82_generation_plots/d11/time_to_reach_new_fundamental.png Graphic
 file (type png)

<use Figures/82_generation_plots/d11/time_to_reach_new_fundamental.png>
Package pdftex.def Info: Figures/82_generation_plots/d11/time_to_reach_new_fund
amental.png used on input line 171.
(pdftex.def)             Requested size: 227.62204pt x 170.71231pt.

Overfull \hbox (4.54994pt too wide) in paragraph at lines 171--171
 [][] 
 []

<Figures/82_generation_plots/d11/stdev.png, id=310, 578.16pt x 433.62pt>
File: Figures/82_generation_plots/d11/stdev.png Graphic file (type png)

<use Figures/82_generation_plots/d11/stdev.png>
Package pdftex.def Info: Figures/82_generation_plots/d11/stdev.png used on inpu
t line 173.
(pdftex.def)             Requested size: 227.62204pt x 170.71231pt.

Overfull \hbox (4.54994pt too wide) in paragraph at lines 173--173
 [][] 
 []

<Figures/82_generation_plots/d11/overshoot.png, id=311, 578.16pt x 433.62pt>
File: Figures/82_generation_plots/d11/overshoot.png Graphic file (type png)

<use Figures/82_generation_plots/d11/overshoot.png>
Package pdftex.def Info: Figures/82_generation_plots/d11/overshoot.png used on 
input line 175.
(pdftex.def)             Requested size: 227.62204pt x 170.71231pt.

Overfull \hbox (4.54994pt too wide) in paragraph at lines 175--175
 [][] 
 []

<Figures/82_generation_plots/d11/latpars_mu.png, id=312, 578.16pt x 433.62pt>
File: Figures/82_generation_plots/d11/latpars_mu.png Graphic file (type png)

<use Figures/82_generation_plots/d11/latpars_mu.png>
Package pdftex.def Info: Figures/82_generation_plots/d11/latpars_mu.png used on
 input line 185.
(pdftex.def)             Requested size: 227.62204pt x 170.71231pt.

Overfull \hbox (4.54994pt too wide) in paragraph at lines 185--185
 [][] 
 []

<Figures/82_generation_plots/d11/latpars_s.png, id=313, 578.16pt x 433.62pt>
File: Figures/82_generation_plots/d11/latpars_s.png Graphic file (type png)

<use Figures/82_generation_plots/d11/latpars_s.png>
Package pdftex.def Info: Figures/82_generation_plots/d11/latpars_s.png used on 
input line 187.
(pdftex.def)             Requested size: 227.62204pt x 170.71231pt.

Overfull \hbox (4.54994pt too wide) in paragraph at lines 187--187
 [][] 
 []

<Figures/82_generation_plots/d11/nAgents.png, id=314, 578.16pt x 433.62pt>
File: Figures/82_generation_plots/d11/nAgents.png Graphic file (type png)

<use Figures/82_generation_plots/d11/nAgents.png>
Package pdftex.def Info: Figures/82_generation_plots/d11/nAgents.png used on in
put line 189.
(pdftex.def)             Requested size: 227.62204pt x 170.71231pt.

Overfull \hbox (4.54994pt too wide) in paragraph at lines 189--189
 [][] 
 []


<Figures/101_pars_vs_fits/d10/ssmm_nAgents__vs__overshoot(mean)_scatter.png, id
=315, 578.16pt x 433.62pt>
File: Figures/101_pars_vs_fits/d10/ssmm_nAgents__vs__overshoot(mean)_scatter.pn
g Graphic file (type png)

<use Figures/101_pars_vs_fits/d10/ssmm_nAgents__vs__overshoot(mean)_scatter.png
>
Package pdftex.def Info: Figures/101_pars_vs_fits/d10/ssmm_nAgents__vs__oversho
ot(mean)_scatter.png used on input line 212.
(pdftex.def)             Requested size: 227.62204pt x 170.71231pt.

Overfull \hbox (4.54994pt too wide) in paragraph at lines 212--212
 [][] 
 []


<Figures/101_pars_vs_fits/d10/ssmm_nAgents__vs__round_stable(mean)_scatter.png,
 id=316, 578.16pt x 433.62pt>
File: Figures/101_pars_vs_fits/d10/ssmm_nAgents__vs__round_stable(mean)_scatter
.png Graphic file (type png)

<use Figures/101_pars_vs_fits/d10/ssmm_nAgents__vs__round_stable(mean)_scatter.
png>
Package pdftex.def Info: Figures/101_pars_vs_fits/d10/ssmm_nAgents__vs__round_s
table(mean)_scatter.png used on input line 214.
(pdftex.def)             Requested size: 227.62204pt x 170.71231pt.

Overfull \hbox (4.54994pt too wide) in paragraph at lines 214--214
 [][] 
 []


<Figures/101_pars_vs_fits/d10/ssmm_nAgents__vs__stdev(mean)_scatter.png, id=317
, 578.16pt x 433.62pt>
File: Figures/101_pars_vs_fits/d10/ssmm_nAgents__vs__stdev(mean)_scatter.png Gr
aphic file (type png)

<use Figures/101_pars_vs_fits/d10/ssmm_nAgents__vs__stdev(mean)_scatter.png>
Package pdftex.def Info: Figures/101_pars_vs_fits/d10/ssmm_nAgents__vs__stdev(m
ean)_scatter.png used on input line 216.
(pdftex.def)             Requested size: 227.62204pt x 170.71231pt.

Overfull \hbox (4.54994pt too wide) in paragraph at lines 216--216
 [][] 
 []


<Figures/101_pars_vs_fits/d10/ssmm_nAgents__vs__time_to_reach_new_fundamental(m
ean)_scatter.png, id=318, 578.16pt x 433.62pt>
File: Figures/101_pars_vs_fits/d10/ssmm_nAgents__vs__time_to_reach_new_fundamen
tal(mean)_scatter.png Graphic file (type png)

<use Figures/101_pars_vs_fits/d10/ssmm_nAgents__vs__time_to_reach_new_fundament
al(mean)_scatter.png>
Package pdftex.def Info: Figures/101_pars_vs_fits/d10/ssmm_nAgents__vs__time_to
_reach_new_fundamental(mean)_scatter.png used on input line 218.
(pdftex.def)             Requested size: 227.62204pt x 170.71231pt.

Overfull \hbox (4.54994pt too wide) in paragraph at lines 218--218
 [][] 
 []

[49] [50 <./Figures/82_generation_plots/d11/round_stable.png> <./Figures/82_gen
eration_plots/d11/time_to_reach_new_fundamental.png> <./Figures/82_generation_p
lots/d11/stdev.png> <./Figures/82_generation_plots/d11/overshoot.png>] [51 <./F
igures/82_generation_plots/d11/latpars_mu.png> <./Figures/82_generation_plots/d
11/latpars_s.png> <./Figures/82_generation_plots/d11/nAgents.png>] [52 <./Figur
es/101_pars_vs_fits/d10/ssmm_nAgents__vs__overshoot(mean)_scatter.png> <./Figur
es/101_pars_vs_fits/d10/ssmm_nAgents__vs__round_stable(mean)_scatter.png> <./Fi
gures/101_pars_vs_fits/d10/ssmm_nAgents__vs__stdev(mean)_scatter.png> <./Figure
s/101_pars_vs_fits/d10/ssmm_nAgents__vs__time_to_reach_new_fundamental(mean)_sc
atter.png>]
<Figures/101_pars_vs_fits/d10/ssmm_latency_mu__vs__overshoot(mean)_scatter.png,
 id=343, 578.16pt x 433.62pt>
File: Figures/101_pars_vs_fits/d10/ssmm_latency_mu__vs__overshoot(mean)_scatter
.png Graphic file (type png)

<use Figures/101_pars_vs_fits/d10/ssmm_latency_mu__vs__overshoot(mean)_scatter.
png>
Package pdftex.def Info: Figures/101_pars_vs_fits/d10/ssmm_latency_mu__vs__over
shoot(mean)_scatter.png used on input line 234.
(pdftex.def)             Requested size: 227.62204pt x 170.71231pt.

Overfull \hbox (4.54994pt too wide) in paragraph at lines 234--234
 [][] 
 []


<Figures/101_pars_vs_fits/d10/ssmm_latency_mu__vs__round_stable(mean)_scatter.p
ng, id=344, 578.16pt x 433.62pt>
File: Figures/101_pars_vs_fits/d10/ssmm_latency_mu__vs__round_stable(mean)_scat
ter.png Graphic file (type png)

<use Figures/101_pars_vs_fits/d10/ssmm_latency_mu__vs__round_stable(mean)_scatt
er.png>
Package pdftex.def Info: Figures/101_pars_vs_fits/d10/ssmm_latency_mu__vs__roun
d_stable(mean)_scatter.png used on input line 236.
(pdftex.def)             Requested size: 227.62204pt x 170.71231pt.

Overfull \hbox (4.54994pt too wide) in paragraph at lines 236--236
 [][] 
 []


<Figures/101_pars_vs_fits/d10/ssmm_latency_mu__vs__stdev(mean)_scatter.png, id=
345, 578.16pt x 433.62pt>
File: Figures/101_pars_vs_fits/d10/ssmm_latency_mu__vs__stdev(mean)_scatter.png
 Graphic file (type png)

<use Figures/101_pars_vs_fits/d10/ssmm_latency_mu__vs__stdev(mean)_scatter.png>
Package pdftex.def Info: Figures/101_pars_vs_fits/d10/ssmm_latency_mu__vs__stde
v(mean)_scatter.png used on input line 238.
(pdftex.def)             Requested size: 227.62204pt x 170.71231pt.

Overfull \hbox (4.54994pt too wide) in paragraph at lines 238--238
 [][] 
 []


<Figures/101_pars_vs_fits/d10/ssmm_latency_mu__vs__time_to_reach_new_fundamenta
l(mean)_scatter.png, id=346, 578.16pt x 433.62pt>
File: Figures/101_pars_vs_fits/d10/ssmm_latency_mu__vs__time_to_reach_new_funda
mental(mean)_scatter.png Graphic file (type png)

<use Figures/101_pars_vs_fits/d10/ssmm_latency_mu__vs__time_to_reach_new_fundam
ental(mean)_scatter.png>
Package pdftex.def Info: Figures/101_pars_vs_fits/d10/ssmm_latency_mu__vs__time
_to_reach_new_fundamental(mean)_scatter.png used on input line 240.
(pdftex.def)             Requested size: 227.62204pt x 170.71231pt.

Overfull \hbox (4.54994pt too wide) in paragraph at lines 240--240
 [][] 
 []


<Figures/faster_mm_makes_worse_markets/d10/overshoot_MM_mmlatency.png, id=347, 
578.16pt x 433.62pt>
File: Figures/faster_mm_makes_worse_markets/d10/overshoot_MM_mmlatency.png Grap
hic file (type png)

<use Figures/faster_mm_makes_worse_markets/d10/overshoot_MM_mmlatency.png>
Package pdftex.def Info: Figures/faster_mm_makes_worse_markets/d10/overshoot_MM
_mmlatency.png used on input line 258.
(pdftex.def)             Requested size: 227.62204pt x 170.71231pt.

Overfull \hbox (4.54994pt too wide) in paragraph at lines 258--258
 [][] 
 []


<Figures/faster_mm_makes_worse_markets/d10/round_stable_MM_mmlatency.png, id=34
8, 578.16pt x 433.62pt>
File: Figures/faster_mm_makes_worse_markets/d10/round_stable_MM_mmlatency.png G
raphic file (type png)

<use Figures/faster_mm_makes_worse_markets/d10/round_stable_MM_mmlatency.png>
Package pdftex.def Info: Figures/faster_mm_makes_worse_markets/d10/round_stable
_MM_mmlatency.png used on input line 260.
(pdftex.def)             Requested size: 227.62204pt x 170.71231pt.

Overfull \hbox (4.54994pt too wide) in paragraph at lines 260--260
 [][] 
 []


<Figures/faster_mm_makes_worse_markets/d10/stdev_MM_mmlatency.png, id=349, 578.
16pt x 433.62pt>
File: Figures/faster_mm_makes_worse_markets/d10/stdev_MM_mmlatency.png Graphic 
file (type png)

<use Figures/faster_mm_makes_worse_markets/d10/stdev_MM_mmlatency.png>
Package pdftex.def Info: Figures/faster_mm_makes_worse_markets/d10/stdev_MM_mml
atency.png used on input line 262.
(pdftex.def)             Requested size: 227.62204pt x 170.71231pt.

Overfull \hbox (4.54994pt too wide) in paragraph at lines 262--262
 [][] 
 []


<Figures/faster_mm_makes_worse_markets/d10/time_to_reach_new_fundamental_MM_mml
atency.png, id=350, 578.16pt x 433.62pt>
File: Figures/faster_mm_makes_worse_markets/d10/time_to_reach_new_fundamental_M
M_mmlatency.png Graphic file (type png)

<use Figures/faster_mm_makes_worse_markets/d10/time_to_reach_new_fundamental_MM
_mmlatency.png>
Package pdftex.def Info: Figures/faster_mm_makes_worse_markets/d10/time_to_reac
h_new_fundamental_MM_mmlatency.png used on input line 264.
(pdftex.def)             Requested size: 227.62204pt x 170.71231pt.

Overfull \hbox (4.54994pt too wide) in paragraph at lines 264--264
 [][] 
 []


<Figures/101_pars_vs_fits/d11/ssmm_latency_mu__vs__overshoot(mean)_scatter.png,
 id=351, 578.16pt x 433.62pt>
File: Figures/101_pars_vs_fits/d11/ssmm_latency_mu__vs__overshoot(mean)_scatter
.png Graphic file (type png)

<use Figures/101_pars_vs_fits/d11/ssmm_latency_mu__vs__overshoot(mean)_scatter.
png>
Package pdftex.def Info: Figures/101_pars_vs_fits/d11/ssmm_latency_mu__vs__over
shoot(mean)_scatter.png used on input line 280.
(pdftex.def)             Requested size: 227.62204pt x 170.71231pt.

Overfull \hbox (4.54994pt too wide) in paragraph at lines 280--280
 [][] 
 []


<Figures/101_pars_vs_fits/d11/ssmm_latency_mu__vs__round_stable(mean)_scatter.p
ng, id=352, 578.16pt x 433.62pt>
File: Figures/101_pars_vs_fits/d11/ssmm_latency_mu__vs__round_stable(mean)_scat
ter.png Graphic file (type png)

<use Figures/101_pars_vs_fits/d11/ssmm_latency_mu__vs__round_stable(mean)_scatt
er.png>
Package pdftex.def Info: Figures/101_pars_vs_fits/d11/ssmm_latency_mu__vs__roun
d_stable(mean)_scatter.png used on input line 282.
(pdftex.def)             Requested size: 227.62204pt x 170.71231pt.

Overfull \hbox (4.54994pt too wide) in paragraph at lines 282--282
 [][] 
 []


<Figures/101_pars_vs_fits/d11/ssmm_latency_mu__vs__stdev(mean)_scatter.png, id=
353, 578.16pt x 433.62pt>
File: Figures/101_pars_vs_fits/d11/ssmm_latency_mu__vs__stdev(mean)_scatter.png
 Graphic file (type png)

<use Figures/101_pars_vs_fits/d11/ssmm_latency_mu__vs__stdev(mean)_scatter.png>
Package pdftex.def Info: Figures/101_pars_vs_fits/d11/ssmm_latency_mu__vs__stde
v(mean)_scatter.png used on input line 284.
(pdftex.def)             Requested size: 227.62204pt x 170.71231pt.

Overfull \hbox (4.54994pt too wide) in paragraph at lines 284--284
 [][] 
 []


<Figures/101_pars_vs_fits/d11/ssmm_latency_mu__vs__time_to_reach_new_fundamenta
l(mean)_scatter.png, id=354, 578.16pt x 433.62pt>
File: Figures/101_pars_vs_fits/d11/ssmm_latency_mu__vs__time_to_reach_new_funda
mental(mean)_scatter.png Graphic file (type png)

<use Figures/101_pars_vs_fits/d11/ssmm_latency_mu__vs__time_to_reach_new_fundam
ental(mean)_scatter.png>
Package pdftex.def Info: Figures/101_pars_vs_fits/d11/ssmm_latency_mu__vs__time
_to_reach_new_fundamental(mean)_scatter.png used on input line 286.
(pdftex.def)             Requested size: 227.62204pt x 170.71231pt.

Overfull \hbox (4.54994pt too wide) in paragraph at lines 286--286
 [][] 
 []


<Figures/faster_mm_makes_worse_markets/d11/overshoot_SC_mmlatency.png, id=355, 
578.16pt x 433.62pt>
File: Figures/faster_mm_makes_worse_markets/d11/overshoot_SC_mmlatency.png Grap
hic file (type png)

<use Figures/faster_mm_makes_worse_markets/d11/overshoot_SC_mmlatency.png>
Package pdftex.def Info: Figures/faster_mm_makes_worse_markets/d11/overshoot_SC
_mmlatency.png used on input line 296.
(pdftex.def)             Requested size: 227.62204pt x 170.71231pt.

Overfull \hbox (4.54994pt too wide) in paragraph at lines 296--296
 [][] 
 []


<Figures/faster_mm_makes_worse_markets/d11/round_stable_SC_mmlatency.png, id=35
6, 578.16pt x 433.62pt>
File: Figures/faster_mm_makes_worse_markets/d11/round_stable_SC_mmlatency.png G
raphic file (type png)

<use Figures/faster_mm_makes_worse_markets/d11/round_stable_SC_mmlatency.png>
Package pdftex.def Info: Figures/faster_mm_makes_worse_markets/d11/round_stable
_SC_mmlatency.png used on input line 298.
(pdftex.def)             Requested size: 227.62204pt x 170.71231pt.

Overfull \hbox (4.54994pt too wide) in paragraph at lines 298--298
 [][] 
 []


<Figures/faster_mm_makes_worse_markets/d11/stdev_SC_mmlatency.png, id=357, 578.
16pt x 433.62pt>
File: Figures/faster_mm_makes_worse_markets/d11/stdev_SC_mmlatency.png Graphic 
file (type png)

<use Figures/faster_mm_makes_worse_markets/d11/stdev_SC_mmlatency.png>
Package pdftex.def Info: Figures/faster_mm_makes_worse_markets/d11/stdev_SC_mml
atency.png used on input line 300.
(pdftex.def)             Requested size: 227.62204pt x 170.71231pt.

Overfull \hbox (4.54994pt too wide) in paragraph at lines 300--300
 [][] 
 []


<Figures/faster_mm_makes_worse_markets/d11/time_to_reach_new_fundamental_SC_mml
atency.png, id=358, 578.16pt x 433.62pt>
File: Figures/faster_mm_makes_worse_markets/d11/time_to_reach_new_fundamental_S
C_mmlatency.png Graphic file (type png)

<use Figures/faster_mm_makes_worse_markets/d11/time_to_reach_new_fundamental_SC
_mmlatency.png>
Package pdftex.def Info: Figures/faster_mm_makes_worse_markets/d11/time_to_reac
h_new_fundamental_SC_mmlatency.png used on input line 302.
(pdftex.def)             Requested size: 227.62204pt x 170.71231pt.

Overfull \hbox (4.54994pt too wide) in paragraph at lines 302--302
 [][] 
 []


<Figures/101_pars_vs_fits/d11/sc_nAgents__vs__overshoot(mean)_scatter.png, id=3
59, 578.16pt x 433.62pt>
File: Figures/101_pars_vs_fits/d11/sc_nAgents__vs__overshoot(mean)_scatter.png 
Graphic file (type png)

<use Figures/101_pars_vs_fits/d11/sc_nAgents__vs__overshoot(mean)_scatter.png>
Package pdftex.def Info: Figures/101_pars_vs_fits/d11/sc_nAgents__vs__overshoot
(mean)_scatter.png used on input line 313.
(pdftex.def)             Requested size: 227.62204pt x 170.71231pt.

Overfull \hbox (4.54994pt too wide) in paragraph at lines 313--313
 [][] 
 []


<Figures/101_pars_vs_fits/d11/sc_nAgents__vs__round_stable(mean)_scatter.png, i
d=360, 578.16pt x 433.62pt>
File: Figures/101_pars_vs_fits/d11/sc_nAgents__vs__round_stable(mean)_scatter.p
ng Graphic file (type png)

<use Figures/101_pars_vs_fits/d11/sc_nAgents__vs__round_stable(mean)_scatter.pn
g>
Package pdftex.def Info: Figures/101_pars_vs_fits/d11/sc_nAgents__vs__round_sta
ble(mean)_scatter.png used on input line 315.
(pdftex.def)             Requested size: 227.62204pt x 170.71231pt.

Overfull \hbox (4.54994pt too wide) in paragraph at lines 315--315
 [][] 
 []


<Figures/101_pars_vs_fits/d11/sc_nAgents__vs__stdev(mean)_scatter.png, id=361, 
578.16pt x 433.62pt>
File: Figures/101_pars_vs_fits/d11/sc_nAgents__vs__stdev(mean)_scatter.png Grap
hic file (type png)

<use Figures/101_pars_vs_fits/d11/sc_nAgents__vs__stdev(mean)_scatter.png>
Package pdftex.def Info: Figures/101_pars_vs_fits/d11/sc_nAgents__vs__stdev(mea
n)_scatter.png used on input line 317.
(pdftex.def)             Requested size: 227.62204pt x 170.71231pt.

Overfull \hbox (4.54994pt too wide) in paragraph at lines 317--317
 [][] 
 []


<Figures/101_pars_vs_fits/d11/sc_nAgents__vs__time_to_reach_new_fundamental(mea
n)_scatter.png, id=362, 578.16pt x 433.62pt>
File: Figures/101_pars_vs_fits/d11/sc_nAgents__vs__time_to_reach_new_fundamenta
l(mean)_scatter.png Graphic file (type png)

<use Figures/101_pars_vs_fits/d11/sc_nAgents__vs__time_to_reach_new_fundamental
(mean)_scatter.png>
Package pdftex.def Info: Figures/101_pars_vs_fits/d11/sc_nAgents__vs__time_to_r
each_new_fundamental(mean)_scatter.png used on input line 319.
(pdftex.def)             Requested size: 227.62204pt x 170.71231pt.

Overfull \hbox (4.54994pt too wide) in paragraph at lines 319--319
 [][] 
 []

[53] [54 <./Figures/101_pars_vs_fits/d10/ssmm_latency_mu__vs__overshoot(mean)_s
catter.png> <./Figures/101_pars_vs_fits/d10/ssmm_latency_mu__vs__round_stable(m
ean)_scatter.png> <./Figures/101_pars_vs_fits/d10/ssmm_latency_mu__vs__stdev(me
an)_scatter.png> <./Figures/101_pars_vs_fits/d10/ssmm_latency_mu__vs__time_to_r
each_new_fundamental(mean)_scatter.png>] [55 <./Figures/faster_mm_makes_worse_m
arkets/d10/overshoot_MM_mmlatency.png> <./Figures/faster_mm_makes_worse_markets
/d10/round_stable_MM_mmlatency.png> <./Figures/faster_mm_makes_worse_markets/d1
0/stdev_MM_mmlatency.png> <./Figures/faster_mm_makes_worse_markets/d10/time_to_
reach_new_fundamental_MM_mmlatency.png>] [56 <./Figures/101_pars_vs_fits/d11/ss
mm_latency_mu__vs__overshoot(mean)_scatter.png> <./Figures/101_pars_vs_fits/d11
/ssmm_latency_mu__vs__round_stable(mean)_scatter.png> <./Figures/101_pars_vs_fi
ts/d11/ssmm_latency_mu__vs__stdev(mean)_scatter.png> <./Figures/101_pars_vs_fit
s/d11/ssmm_latency_mu__vs__time_to_reach_new_fundamental(mean)_scatter.png>]
[57 <./Figures/faster_mm_makes_worse_markets/d11/overshoot_SC_mmlatency.png> <.
/Figures/faster_mm_makes_worse_markets/d11/round_stable_SC_mmlatency.png> <./Fi
gures/faster_mm_makes_worse_markets/d11/stdev_SC_mmlatency.png> <./Figures/fast
er_mm_makes_worse_markets/d11/time_to_reach_new_fundamental_SC_mmlatency.png>]
[58 <./Figures/101_pars_vs_fits/d11/sc_nAgents__vs__overshoot(mean)_scatter.png
> <./Figures/101_pars_vs_fits/d11/sc_nAgents__vs__round_stable(mean)_scatter.pn
g> <./Figures/101_pars_vs_fits/d11/sc_nAgents__vs__stdev(mean)_scatter.png> <./
Figures/101_pars_vs_fits/d11/sc_nAgents__vs__time_to_reach_new_fundamental(mean
)_scatter.png>] [59]
<Figures/101_pars_vs_fits/d10/sc_latency_mu__vs__overshoot(mean)_scatter.png, i
d=405, 578.16pt x 433.62pt>
File: Figures/101_pars_vs_fits/d10/sc_latency_mu__vs__overshoot(mean)_scatter.p
ng Graphic file (type png)

<use Figures/101_pars_vs_fits/d10/sc_latency_mu__vs__overshoot(mean)_scatter.pn
g>
Package pdftex.def Info: Figures/101_pars_vs_fits/d10/sc_latency_mu__vs__oversh
oot(mean)_scatter.png used on input line 353.
(pdftex.def)             Requested size: 227.62204pt x 170.71231pt.

Overfull \hbox (4.54994pt too wide) in paragraph at lines 353--353
 [][] 
 []


<Figures/101_pars_vs_fits/d10/sc_latency_mu__vs__round_stable(mean)_scatter.png
, id=406, 578.16pt x 433.62pt>
File: Figures/101_pars_vs_fits/d10/sc_latency_mu__vs__round_stable(mean)_scatte
r.png Graphic file (type png)

<use Figures/101_pars_vs_fits/d10/sc_latency_mu__vs__round_stable(mean)_scatter
.png>
Package pdftex.def Info: Figures/101_pars_vs_fits/d10/sc_latency_mu__vs__round_
stable(mean)_scatter.png used on input line 355.
(pdftex.def)             Requested size: 227.62204pt x 170.71231pt.

Overfull \hbox (4.54994pt too wide) in paragraph at lines 355--355
 [][] 
 []


<Figures/101_pars_vs_fits/d10/sc_latency_mu__vs__stdev(mean)_scatter.png, id=40
7, 578.16pt x 433.62pt>
File: Figures/101_pars_vs_fits/d10/sc_latency_mu__vs__stdev(mean)_scatter.png G
raphic file (type png)

<use Figures/101_pars_vs_fits/d10/sc_latency_mu__vs__stdev(mean)_scatter.png>
Package pdftex.def Info: Figures/101_pars_vs_fits/d10/sc_latency_mu__vs__stdev(
mean)_scatter.png used on input line 357.
(pdftex.def)             Requested size: 227.62204pt x 170.71231pt.

Overfull \hbox (4.54994pt too wide) in paragraph at lines 357--357
 [][] 
 []


<Figures/101_pars_vs_fits/d10/sc_latency_mu__vs__time_to_reach_new_fundamental(
mean)_scatter.png, id=408, 578.16pt x 433.62pt>
File: Figures/101_pars_vs_fits/d10/sc_latency_mu__vs__time_to_reach_new_fundame
ntal(mean)_scatter.png Graphic file (type png)

<use Figures/101_pars_vs_fits/d10/sc_latency_mu__vs__time_to_reach_new_fundamen
tal(mean)_scatter.png>
Package pdftex.def Info: Figures/101_pars_vs_fits/d10/sc_latency_mu__vs__time_t
o_reach_new_fundamental(mean)_scatter.png used on input line 359.
(pdftex.def)             Requested size: 227.62204pt x 170.71231pt.

Overfull \hbox (4.54994pt too wide) in paragraph at lines 359--359
 [][] 
 []


<Figures/faster_mm_makes_worse_markets/d10/overshoot_MM_sclatency.png, id=409, 
578.16pt x 433.62pt>
File: Figures/faster_mm_makes_worse_markets/d10/overshoot_MM_sclatency.png Grap
hic file (type png)

<use Figures/faster_mm_makes_worse_markets/d10/overshoot_MM_sclatency.png>
Package pdftex.def Info: Figures/faster_mm_makes_worse_markets/d10/overshoot_MM
_sclatency.png used on input line 368.
(pdftex.def)             Requested size: 227.62204pt x 170.71231pt.

Overfull \hbox (4.54994pt too wide) in paragraph at lines 368--368
 [][] 
 []


<Figures/faster_mm_makes_worse_markets/d10/round_stable_MM_sclatency.png, id=41
0, 578.16pt x 433.62pt>
File: Figures/faster_mm_makes_worse_markets/d10/round_stable_MM_sclatency.png G
raphic file (type png)

<use Figures/faster_mm_makes_worse_markets/d10/round_stable_MM_sclatency.png>
Package pdftex.def Info: Figures/faster_mm_makes_worse_markets/d10/round_stable
_MM_sclatency.png used on input line 370.
(pdftex.def)             Requested size: 227.62204pt x 170.71231pt.

Overfull \hbox (4.54994pt too wide) in paragraph at lines 370--370
 [][] 
 []


<Figures/faster_mm_makes_worse_markets/d10/stdev_MM_sclatency.png, id=411, 578.
16pt x 433.62pt>
File: Figures/faster_mm_makes_worse_markets/d10/stdev_MM_sclatency.png Graphic 
file (type png)

<use Figures/faster_mm_makes_worse_markets/d10/stdev_MM_sclatency.png>
Package pdftex.def Info: Figures/faster_mm_makes_worse_markets/d10/stdev_MM_scl
atency.png used on input line 372.
(pdftex.def)             Requested size: 227.62204pt x 170.71231pt.

Overfull \hbox (4.54994pt too wide) in paragraph at lines 372--372
 [][] 
 []


<Figures/faster_mm_makes_worse_markets/d10/time_to_reach_new_fundamental_MM_scl
atency.png, id=412, 578.16pt x 433.62pt>
File: Figures/faster_mm_makes_worse_markets/d10/time_to_reach_new_fundamental_M
M_sclatency.png Graphic file (type png)

<use Figures/faster_mm_makes_worse_markets/d10/time_to_reach_new_fundamental_MM
_sclatency.png>
Package pdftex.def Info: Figures/faster_mm_makes_worse_markets/d10/time_to_reac
h_new_fundamental_MM_sclatency.png used on input line 374.
(pdftex.def)             Requested size: 227.62204pt x 170.71231pt.

Overfull \hbox (4.54994pt too wide) in paragraph at lines 374--374
 [][] 
 []


<Figures/101_pars_vs_fits/d11/sc_latency_mu__vs__overshoot(mean)_scatter.png, i
d=413, 578.16pt x 433.62pt>
File: Figures/101_pars_vs_fits/d11/sc_latency_mu__vs__overshoot(mean)_scatter.p
ng Graphic file (type png)

<use Figures/101_pars_vs_fits/d11/sc_latency_mu__vs__overshoot(mean)_scatter.pn
g>
Package pdftex.def Info: Figures/101_pars_vs_fits/d11/sc_latency_mu__vs__oversh
oot(mean)_scatter.png used on input line 388.
(pdftex.def)             Requested size: 227.62204pt x 170.71231pt.

Overfull \hbox (4.54994pt too wide) in paragraph at lines 388--388
 [][] 
 []


<Figures/101_pars_vs_fits/d11/sc_latency_mu__vs__round_stable(mean)_scatter.png
, id=414, 578.16pt x 433.62pt>
File: Figures/101_pars_vs_fits/d11/sc_latency_mu__vs__round_stable(mean)_scatte
r.png Graphic file (type png)

<use Figures/101_pars_vs_fits/d11/sc_latency_mu__vs__round_stable(mean)_scatter
.png>
Package pdftex.def Info: Figures/101_pars_vs_fits/d11/sc_latency_mu__vs__round_
stable(mean)_scatter.png used on input line 390.
(pdftex.def)             Requested size: 227.62204pt x 170.71231pt.

Overfull \hbox (4.54994pt too wide) in paragraph at lines 390--390
 [][] 
 []


<Figures/101_pars_vs_fits/d11/sc_latency_mu__vs__stdev(mean)_scatter.png, id=41
5, 578.16pt x 433.62pt>
File: Figures/101_pars_vs_fits/d11/sc_latency_mu__vs__stdev(mean)_scatter.png G
raphic file (type png)

<use Figures/101_pars_vs_fits/d11/sc_latency_mu__vs__stdev(mean)_scatter.png>
Package pdftex.def Info: Figures/101_pars_vs_fits/d11/sc_latency_mu__vs__stdev(
mean)_scatter.png used on input line 392.
(pdftex.def)             Requested size: 227.62204pt x 170.71231pt.

Overfull \hbox (4.54994pt too wide) in paragraph at lines 392--392
 [][] 
 []


<Figures/101_pars_vs_fits/d11/sc_latency_mu__vs__time_to_reach_new_fundamental(
mean)_scatter.png, id=416, 578.16pt x 433.62pt>
File: Figures/101_pars_vs_fits/d11/sc_latency_mu__vs__time_to_reach_new_fundame
ntal(mean)_scatter.png Graphic file (type png)

<use Figures/101_pars_vs_fits/d11/sc_latency_mu__vs__time_to_reach_new_fundamen
tal(mean)_scatter.png>
Package pdftex.def Info: Figures/101_pars_vs_fits/d11/sc_latency_mu__vs__time_t
o_reach_new_fundamental(mean)_scatter.png used on input line 394.
(pdftex.def)             Requested size: 227.62204pt x 170.71231pt.

Overfull \hbox (4.54994pt too wide) in paragraph at lines 394--394
 [][] 
 []


<Figures/faster_mm_makes_worse_markets/d11/overshoot_SC_sclatency.png, id=417, 
578.16pt x 433.62pt>
File: Figures/faster_mm_makes_worse_markets/d11/overshoot_SC_sclatency.png Grap
hic file (type png)

<use Figures/faster_mm_makes_worse_markets/d11/overshoot_SC_sclatency.png>
Package pdftex.def Info: Figures/faster_mm_makes_worse_markets/d11/overshoot_SC
_sclatency.png used on input line 403.
(pdftex.def)             Requested size: 227.62204pt x 170.71231pt.

Overfull \hbox (4.54994pt too wide) in paragraph at lines 403--403
 [][] 
 []


<Figures/faster_mm_makes_worse_markets/d11/round_stable_SC_sclatency.png, id=41
8, 578.16pt x 433.62pt>
File: Figures/faster_mm_makes_worse_markets/d11/round_stable_SC_sclatency.png G
raphic file (type png)

<use Figures/faster_mm_makes_worse_markets/d11/round_stable_SC_sclatency.png>
Package pdftex.def Info: Figures/faster_mm_makes_worse_markets/d11/round_stable
_SC_sclatency.png used on input line 405.
(pdftex.def)             Requested size: 227.62204pt x 170.71231pt.

Overfull \hbox (4.54994pt too wide) in paragraph at lines 405--405
 [][] 
 []


<Figures/faster_mm_makes_worse_markets/d11/stdev_SC_sclatency.png, id=419, 578.
16pt x 433.62pt>
File: Figures/faster_mm_makes_worse_markets/d11/stdev_SC_sclatency.png Graphic 
file (type png)

<use Figures/faster_mm_makes_worse_markets/d11/stdev_SC_sclatency.png>
Package pdftex.def Info: Figures/faster_mm_makes_worse_markets/d11/stdev_SC_scl
atency.png used on input line 407.
(pdftex.def)             Requested size: 227.62204pt x 170.71231pt.

Overfull \hbox (4.54994pt too wide) in paragraph at lines 407--407
 [][] 
 []


<Figures/faster_mm_makes_worse_markets/d11/time_to_reach_new_fundamental_SC_scl
atency.png, id=420, 578.16pt x 433.62pt>
File: Figures/faster_mm_makes_worse_markets/d11/time_to_reach_new_fundamental_S
C_sclatency.png Graphic file (type png)

<use Figures/faster_mm_makes_worse_markets/d11/time_to_reach_new_fundamental_SC
_sclatency.png>
Package pdftex.def Info: Figures/faster_mm_makes_worse_markets/d11/time_to_reac
h_new_fundamental_SC_sclatency.png used on input line 409.
(pdftex.def)             Requested size: 227.62204pt x 170.71231pt.

Overfull \hbox (4.54994pt too wide) in paragraph at lines 409--409
 [][] 
 []


<Figures/101_pars_vs_fits/d10/chartist_per_market_maker__vs__overshoot(mean)_sc
atter.png, id=421, 578.16pt x 433.62pt>
File: Figures/101_pars_vs_fits/d10/chartist_per_market_maker__vs__overshoot(mea
n)_scatter.png Graphic file (type png)

<use Figures/101_pars_vs_fits/d10/chartist_per_market_maker__vs__overshoot(mean
)_scatter.png>
Package pdftex.def Info: Figures/101_pars_vs_fits/d10/chartist_per_market_maker
__vs__overshoot(mean)_scatter.png used on input line 426.
(pdftex.def)             Requested size: 227.62204pt x 170.71231pt.

Overfull \hbox (4.54994pt too wide) in paragraph at lines 426--426
 [][] 
 []


<Figures/101_pars_vs_fits/d10/chartist_per_market_maker__vs__round_stable(mean)
_scatter.png, id=422, 578.16pt x 433.62pt>
File: Figures/101_pars_vs_fits/d10/chartist_per_market_maker__vs__round_stable(
mean)_scatter.png Graphic file (type png)

<use Figures/101_pars_vs_fits/d10/chartist_per_market_maker__vs__round_stable(m
ean)_scatter.png>
Package pdftex.def Info: Figures/101_pars_vs_fits/d10/chartist_per_market_maker
__vs__round_stable(mean)_scatter.png used on input line 428.
(pdftex.def)             Requested size: 227.62204pt x 170.71231pt.

Overfull \hbox (4.54994pt too wide) in paragraph at lines 428--428
 [][] 
 []


<Figures/101_pars_vs_fits/d10/chartist_per_market_maker__vs__stdev(mean)_scatte
r.png, id=423, 578.16pt x 433.62pt>
File: Figures/101_pars_vs_fits/d10/chartist_per_market_maker__vs__stdev(mean)_s
catter.png Graphic file (type png)

<use Figures/101_pars_vs_fits/d10/chartist_per_market_maker__vs__stdev(mean)_sc
atter.png>
Package pdftex.def Info: Figures/101_pars_vs_fits/d10/chartist_per_market_maker
__vs__stdev(mean)_scatter.png used on input line 430.
(pdftex.def)             Requested size: 227.62204pt x 170.71231pt.

Overfull \hbox (4.54994pt too wide) in paragraph at lines 430--430
 [][] 
 []


<Figures/101_pars_vs_fits/d10/chartist_per_market_maker__vs__time_to_reach_new_
fundamental(mean)_scatter.png, id=424, 578.16pt x 433.62pt>
File: Figures/101_pars_vs_fits/d10/chartist_per_market_maker__vs__time_to_reach
_new_fundamental(mean)_scatter.png Graphic file (type png)

<use Figures/101_pars_vs_fits/d10/chartist_per_market_maker__vs__time_to_reach_
new_fundamental(mean)_scatter.png>
Package pdftex.def Info: Figures/101_pars_vs_fits/d10/chartist_per_market_maker
__vs__time_to_reach_new_fundamental(mean)_scatter.png used on input line 432.
(pdftex.def)             Requested size: 227.62204pt x 170.71231pt.

Overfull \hbox (4.54994pt too wide) in paragraph at lines 432--432
 [][] 
 []


LaTeX Warning: Reference `fig:parvfit_ratio' on page 60 undefined on input line
 436.


Underfull \vbox (badness 10000) has occurred while \output is active []

 [60 <./Figures/101_pars_vs_fits/d10/sc_latency_mu__vs__overshoot(mean)_scatter
.png> <./Figures/101_pars_vs_fits/d10/sc_latency_mu__vs__round_stable(mean)_sca
tter.png> <./Figures/101_pars_vs_fits/d10/sc_latency_mu__vs__stdev(mean)_scatte
r.png> <./Figures/101_pars_vs_fits/d10/sc_latency_mu__vs__time_to_reach_new_fun
damental(mean)_scatter.png>] [61 <./Figures/faster_mm_makes_worse_markets/d10/o
vershoot_MM_sclatency.png> <./Figures/faster_mm_makes_worse_markets/d10/round_s
table_MM_sclatency.png> <./Figures/faster_mm_makes_worse_markets/d10/stdev_MM_s
clatency.png> <./Figures/faster_mm_makes_worse_markets/d10/time_to_reach_new_fu
ndamental_MM_sclatency.png>] [62 <./Figures/101_pars_vs_fits/d11/sc_latency_mu_
_vs__overshoot(mean)_scatter.png> <./Figures/101_pars_vs_fits/d11/sc_latency_mu
__vs__round_stable(mean)_scatter.png> <./Figures/101_pars_vs_fits/d11/sc_latenc
y_mu__vs__stdev(mean)_scatter.png> <./Figures/101_pars_vs_fits/d11/sc_latency_m
u__vs__time_to_reach_new_fundamental(mean)_scatter.png>] [63 <./Figures/faster_
mm_makes_worse_markets/d11/overshoot_SC_sclatency.png> <./Figures/faster_mm_mak
es_worse_markets/d11/round_stable_SC_sclatency.png> <./Figures/faster_mm_makes_
worse_markets/d11/stdev_SC_sclatency.png> <./Figures/faster_mm_makes_worse_mark
ets/d11/time_to_reach_new_fundamental_SC_sclatency.png>] [64 <./Figures/101_par
s_vs_fits/d10/chartist_per_market_maker__vs__overshoot(mean)_scatter.png> <./Fi
gures/101_pars_vs_fits/d10/chartist_per_market_maker__vs__round_stable(mean)_sc
atter.png> <./Figures/101_pars_vs_fits/d10/chartist_per_market_maker__vs__stdev
(mean)_scatter.png> <./Figures/101_pars_vs_fits/d10/chartist_per_market_maker__
vs__time_to_reach_new_fundamental(mean)_scatter.png>]
<Figures/101_pars_vs_fits/d11/chartist_per_market_maker__vs__overshoot(mean)_sc
atter.png, id=461, 578.16pt x 433.62pt>
File: Figures/101_pars_vs_fits/d11/chartist_per_market_maker__vs__overshoot(mea
n)_scatter.png Graphic file (type png)

<use Figures/101_pars_vs_fits/d11/chartist_per_market_maker__vs__overshoot(mean
)_scatter.png>
Package pdftex.def Info: Figures/101_pars_vs_fits/d11/chartist_per_market_maker
__vs__overshoot(mean)_scatter.png used on input line 442.
(pdftex.def)             Requested size: 227.62204pt x 170.71231pt.

Overfull \hbox (4.54994pt too wide) in paragraph at lines 442--442
 [][] 
 []


<Figures/101_pars_vs_fits/d11/chartist_per_market_maker__vs__round_stable(mean)
_scatter.png, id=462, 578.16pt x 433.62pt>
File: Figures/101_pars_vs_fits/d11/chartist_per_market_maker__vs__round_stable(
mean)_scatter.png Graphic file (type png)

<use Figures/101_pars_vs_fits/d11/chartist_per_market_maker__vs__round_stable(m
ean)_scatter.png>
Package pdftex.def Info: Figures/101_pars_vs_fits/d11/chartist_per_market_maker
__vs__round_stable(mean)_scatter.png used on input line 444.
(pdftex.def)             Requested size: 227.62204pt x 170.71231pt.

Overfull \hbox (4.54994pt too wide) in paragraph at lines 444--444
 [][] 
 []


<Figures/101_pars_vs_fits/d11/chartist_per_market_maker__vs__stdev(mean)_scatte
r.png, id=463, 578.16pt x 433.62pt>
File: Figures/101_pars_vs_fits/d11/chartist_per_market_maker__vs__stdev(mean)_s
catter.png Graphic file (type png)

<use Figures/101_pars_vs_fits/d11/chartist_per_market_maker__vs__stdev(mean)_sc
atter.png>
Package pdftex.def Info: Figures/101_pars_vs_fits/d11/chartist_per_market_maker
__vs__stdev(mean)_scatter.png used on input line 446.
(pdftex.def)             Requested size: 227.62204pt x 170.71231pt.

Overfull \hbox (4.54994pt too wide) in paragraph at lines 446--446
 [][] 
 []


<Figures/101_pars_vs_fits/d11/chartist_per_market_maker__vs__time_to_reach_new_
fundamental(mean)_scatter.png, id=464, 578.16pt x 433.62pt>
File: Figures/101_pars_vs_fits/d11/chartist_per_market_maker__vs__time_to_reach
_new_fundamental(mean)_scatter.png Graphic file (type png)

<use Figures/101_pars_vs_fits/d11/chartist_per_market_maker__vs__time_to_reach_
new_fundamental(mean)_scatter.png>
Package pdftex.def Info: Figures/101_pars_vs_fits/d11/chartist_per_market_maker
__vs__time_to_reach_new_fundamental(mean)_scatter.png used on input line 448.
(pdftex.def)             Requested size: 227.62204pt x 170.71231pt.

Overfull \hbox (4.54994pt too wide) in paragraph at lines 448--448
 [][] 
 []

<Figures/21_scatter_plots/d9/d.png, id=465, 578.16pt x 433.62pt>
File: Figures/21_scatter_plots/d9/d.png Graphic file (type png)

<use Figures/21_scatter_plots/d9/d.png>
Package pdftex.def Info: Figures/21_scatter_plots/d9/d.png used on input line 4
65.
(pdftex.def)             Requested size: 227.62204pt x 170.71231pt.

Overfull \hbox (4.54994pt too wide) in paragraph at lines 465--465
 [][] 
 []

<Figures/21_scatter_plots/d9/c.png, id=466, 578.16pt x 433.62pt>
File: Figures/21_scatter_plots/d9/c.png Graphic file (type png)

<use Figures/21_scatter_plots/d9/c.png>
Package pdftex.def Info: Figures/21_scatter_plots/d9/c.png used on input line 4
67.
(pdftex.def)             Requested size: 227.62204pt x 170.71231pt.

Overfull \hbox (4.54994pt too wide) in paragraph at lines 467--467
 [][] 
 []

<Figures/21_scatter_plots/d9/b.png, id=467, 578.16pt x 433.62pt>
File: Figures/21_scatter_plots/d9/b.png Graphic file (type png)

<use Figures/21_scatter_plots/d9/b.png>
Package pdftex.def Info: Figures/21_scatter_plots/d9/b.png used on input line 4
69.
(pdftex.def)             Requested size: 227.62204pt x 170.71231pt.

Overfull \hbox (4.54994pt too wide) in paragraph at lines 469--469
 [][] 
 []


LaTeX Warning: Reference `figure:scatter_fitness_inliers_b' on page 65 undefine
d on input line 473.

[65 <./Figures/101_pars_vs_fits/d11/chartist_per_market_maker__vs__overshoot(me
an)_scatter.png> <./Figures/101_pars_vs_fits/d11/chartist_per_market_maker__vs_
_round_stable(mean)_scatter.png> <./Figures/101_pars_vs_fits/d11/chartist_per_m
arket_maker__vs__stdev(mean)_scatter.png> <./Figures/101_pars_vs_fits/d11/chart
ist_per_market_maker__vs__time_to_reach_new_fundamental(mean)_scatter.png>]
Underfull \vbox (badness 10000) has occurred while \output is active []

 [66 <./Figures/21_scatter_plots/d9/d.png> <./Figures/21_scatter_plots/d9/c.png
> <./Figures/21_scatter_plots/d9/b.png>]
<Figures/103_scatter_manual_outlier/d9/f.png, id=481, 578.16pt x 433.62pt>
File: Figures/103_scatter_manual_outlier/d9/f.png Graphic file (type png)

<use Figures/103_scatter_manual_outlier/d9/f.png>
Package pdftex.def Info: Figures/103_scatter_manual_outlier/d9/f.png used on in
put line 479.
(pdftex.def)             Requested size: 227.62204pt x 170.71231pt.

Overfull \hbox (4.54994pt too wide) in paragraph at lines 479--479
 [][] 
 []

<Figures/103_scatter_manual_outlier/d9/j.png, id=482, 578.16pt x 433.62pt>
File: Figures/103_scatter_manual_outlier/d9/j.png Graphic file (type png)

<use Figures/103_scatter_manual_outlier/d9/j.png>
Package pdftex.def Info: Figures/103_scatter_manual_outlier/d9/j.png used on in
put line 480.
(pdftex.def)             Requested size: 227.62204pt x 170.71231pt.

Overfull \hbox (4.54994pt too wide) in paragraph at lines 480--480
 [][] 
 []

<Figures/103_scatter_manual_outlier/d10/f.png, id=483, 578.16pt x 433.62pt>
File: Figures/103_scatter_manual_outlier/d10/f.png Graphic file (type png)

<use Figures/103_scatter_manual_outlier/d10/f.png>
Package pdftex.def Info: Figures/103_scatter_manual_outlier/d10/f.png used on i
nput line 481.
(pdftex.def)             Requested size: 227.62204pt x 170.71231pt.

Overfull \hbox (4.54994pt too wide) in paragraph at lines 481--481
 [][] 
 []

<Figures/103_scatter_manual_outlier/d10/j.png, id=484, 578.16pt x 433.62pt>
File: Figures/103_scatter_manual_outlier/d10/j.png Graphic file (type png)

<use Figures/103_scatter_manual_outlier/d10/j.png>
Package pdftex.def Info: Figures/103_scatter_manual_outlier/d10/j.png used on i
nput line 482.
(pdftex.def)             Requested size: 227.62204pt x 170.71231pt.

Overfull \hbox (4.54994pt too wide) in paragraph at lines 482--482
 [][] 
 []

<Figures/103_scatter_manual_outlier/d11/f.png, id=485, 578.16pt x 433.62pt>
File: Figures/103_scatter_manual_outlier/d11/f.png Graphic file (type png)

<use Figures/103_scatter_manual_outlier/d11/f.png>
Package pdftex.def Info: Figures/103_scatter_manual_outlier/d11/f.png used on i
nput line 483.
(pdftex.def)             Requested size: 227.62204pt x 170.71231pt.

Overfull \hbox (4.54994pt too wide) in paragraph at lines 483--483
 [][] 
 []

<Figures/103_scatter_manual_outlier/d11/j.png, id=486, 578.16pt x 433.62pt>
File: Figures/103_scatter_manual_outlier/d11/j.png Graphic file (type png)

<use Figures/103_scatter_manual_outlier/d11/j.png>
Package pdftex.def Info: Figures/103_scatter_manual_outlier/d11/j.png used on i
nput line 484.
(pdftex.def)             Requested size: 227.62204pt x 170.71231pt.

Overfull \hbox (4.54994pt too wide) in paragraph at lines 484--484
 [][] 
 []

<Figures/103_scatter_manual_outlier/d9/h.png, id=487, 578.16pt x 433.62pt>
File: Figures/103_scatter_manual_outlier/d9/h.png Graphic file (type png)

<use Figures/103_scatter_manual_outlier/d9/h.png>
Package pdftex.def Info: Figures/103_scatter_manual_outlier/d9/h.png used on in
put line 491.
(pdftex.def)             Requested size: 227.62204pt x 170.71231pt.

Overfull \hbox (4.54994pt too wide) in paragraph at lines 491--491
 [][] 
 []

<Figures/103_scatter_manual_outlier/d9/k.png, id=488, 578.16pt x 433.62pt>
File: Figures/103_scatter_manual_outlier/d9/k.png Graphic file (type png)

<use Figures/103_scatter_manual_outlier/d9/k.png>
Package pdftex.def Info: Figures/103_scatter_manual_outlier/d9/k.png used on in
put line 492.
(pdftex.def)             Requested size: 227.62204pt x 170.71231pt.

Overfull \hbox (4.54994pt too wide) in paragraph at lines 492--492
 [][] 
 []

<Figures/103_scatter_manual_outlier/d10/h.png, id=489, 578.16pt x 433.62pt>
File: Figures/103_scatter_manual_outlier/d10/h.png Graphic file (type png)

<use Figures/103_scatter_manual_outlier/d10/h.png>
Package pdftex.def Info: Figures/103_scatter_manual_outlier/d10/h.png used on i
nput line 493.
(pdftex.def)             Requested size: 227.62204pt x 170.71231pt.

Overfull \hbox (4.54994pt too wide) in paragraph at lines 493--493
 [][] 
 []

<Figures/103_scatter_manual_outlier/d10/k.png, id=490, 578.16pt x 433.62pt>
File: Figures/103_scatter_manual_outlier/d10/k.png Graphic file (type png)

<use Figures/103_scatter_manual_outlier/d10/k.png>
Package pdftex.def Info: Figures/103_scatter_manual_outlier/d10/k.png used on i
nput line 494.
(pdftex.def)             Requested size: 227.62204pt x 170.71231pt.

Overfull \hbox (4.54994pt too wide) in paragraph at lines 494--494
 [][] 
 []

<Figures/103_scatter_manual_outlier/d11/h.png, id=491, 578.16pt x 433.62pt>
File: Figures/103_scatter_manual_outlier/d11/h.png Graphic file (type png)

<use Figures/103_scatter_manual_outlier/d11/h.png>
Package pdftex.def Info: Figures/103_scatter_manual_outlier/d11/h.png used on i
nput line 495.
(pdftex.def)             Requested size: 227.62204pt x 170.71231pt.

Overfull \hbox (4.54994pt too wide) in paragraph at lines 495--495
 [][] 
 []

<Figures/103_scatter_manual_outlier/d11/k.png, id=492, 578.16pt x 433.62pt>
File: Figures/103_scatter_manual_outlier/d11/k.png Graphic file (type png)

<use Figures/103_scatter_manual_outlier/d11/k.png>
Package pdftex.def Info: Figures/103_scatter_manual_outlier/d11/k.png used on i
nput line 496.
(pdftex.def)             Requested size: 227.62204pt x 170.71231pt.

Overfull \hbox (4.54994pt too wide) in paragraph at lines 496--496
 [][] 
 []

[67] [68 <./Figures/103_scatter_manual_outlier/d9/f.png> <./Figures/103_scatter
_manual_outlier/d9/j.png> <./Figures/103_scatter_manual_outlier/d10/f.png> <./F
igures/103_scatter_manual_outlier/d10/j.png> <./Figures/103_scatter_manual_outl
ier/d11/f.png> <./Figures/103_scatter_manual_outlier/d11/j.png>] [69 <./Figures
/103_scatter_manual_outlier/d9/h.png> <./Figures/103_scatter_manual_outlier/d9/
k.png> <./Figures/103_scatter_manual_outlier/d10/h.png> <./Figures/103_scatter_
manual_outlier/d10/k.png> <./Figures/103_scatter_manual_outlier/d11/h.png> <./F
igures/103_scatter_manual_outlier/d11/k.png>]
<Figures/manual_filtering/d9/group_overlap.png, id=515, 578.16pt x 433.62pt>
File: Figures/manual_filtering/d9/group_overlap.png Graphic file (type png)

<use Figures/manual_filtering/d9/group_overlap.png>
Package pdftex.def Info: Figures/manual_filtering/d9/group_overlap.png used on 
input line 527.
(pdftex.def)             Requested size: 145.68143pt x 109.25826pt.

<Figures/manual_filtering/d10/group_overlap.png, id=516, 578.16pt x 433.62pt>
File: Figures/manual_filtering/d10/group_overlap.png Graphic file (type png)

<use Figures/manual_filtering/d10/group_overlap.png>
Package pdftex.def Info: Figures/manual_filtering/d10/group_overlap.png used on
 input line 528.
(pdftex.def)             Requested size: 145.68143pt x 109.25826pt.

<Figures/manual_filtering/d11/group_overlap.png, id=517, 578.16pt x 433.62pt>
File: Figures/manual_filtering/d11/group_overlap.png Graphic file (type png)

<use Figures/manual_filtering/d11/group_overlap.png>
Package pdftex.def Info: Figures/manual_filtering/d11/group_overlap.png used on
 input line 529.
(pdftex.def)             Requested size: 145.68143pt x 109.25826pt.
 [70 <./Figures/manual_filtering/d9/group_overlap.png> <./Figures/manual_filter
ing/d10/group_overlap.png> <./Figures/manual_filtering/d11/group_overlap.png>]
Underfull \hbox (badness 1383) in paragraph at lines 559--559
[]|\OT1/cmr/m/n/12 Stable be-fore reach-ing fun-da-men-tal,
 []


Overfull \hbox (43.43686pt too wide) in paragraph at lines 577--603
 [][] 
 []


Package caption Warning: \label without proper \caption on input line 602.
See the caption package documentation for explanation.


LaTeX Warning: Reference `table:manual_filtering_d9' on page 71 undefined on in
put line 652.


Package caption Warning: \label without proper \caption on input line 625.
See the caption package documentation for explanation.


LaTeX Warning: Reference `table:manual_filtering_d10' on page 71 undefined on i
nput line 652.


Package caption Warning: \label without proper \caption on input line 648.
See the caption package documentation for explanation.


LaTeX Warning: Reference `table:manual_filtering_d11' on page 71 undefined on i
nput line 652.


Package caption Warning: \label without proper \caption on input line 528.
See the caption package documentation for explanation.


LaTeX Warning: Reference `figure:jaccard_index_b' on page 71 undefined on input
 line 654.


Underfull \vbox (badness 2245) has occurred while \output is active []

 [71]
[72]

LaTeX Warning: Reference `table:fit_gmm_all_mean' on page 73 undefined on input
 line 662.


LaTeX Warning: Reference `table:fit_gmm_all_std' on page 73 undefined on input 
line 662.


<Figures/manually_selected/108_cluster_after_removing_outliers/d10/12_gmm_all_f
it_0.png, id=531, 578.16pt x 433.62pt>
File: Figures/manually_selected/108_cluster_after_removing_outliers/d10/12_gmm_
all_fit_0.png Graphic file (type png)

<use Figures/manually_selected/108_cluster_after_removing_outliers/d10/12_gmm_a
ll_fit_0.png>
Package pdftex.def Info: Figures/manually_selected/108_cluster_after_removing_o
utliers/d10/12_gmm_all_fit_0.png used on input line 669.
(pdftex.def)             Requested size: 227.62204pt x 170.71231pt.

Overfull \hbox (4.54994pt too wide) in paragraph at lines 669--669
 [][] 
 []


<Figures/manually_selected/108_cluster_after_removing_outliers/d10/12_gmm_all_f
it_1.png, id=532, 578.16pt x 433.62pt>
File: Figures/manually_selected/108_cluster_after_removing_outliers/d10/12_gmm_
all_fit_1.png Graphic file (type png)

<use Figures/manually_selected/108_cluster_after_removing_outliers/d10/12_gmm_a
ll_fit_1.png>
Package pdftex.def Info: Figures/manually_selected/108_cluster_after_removing_o
utliers/d10/12_gmm_all_fit_1.png used on input line 670.
(pdftex.def)             Requested size: 227.62204pt x 170.71231pt.

Overfull \hbox (4.54994pt too wide) in paragraph at lines 670--670
 [][] 
 []


<Figures/manually_selected/108_cluster_after_removing_outliers/d10/12_gmm_all_f
it_2.png, id=533, 578.16pt x 433.62pt>
File: Figures/manually_selected/108_cluster_after_removing_outliers/d10/12_gmm_
all_fit_2.png Graphic file (type png)

<use Figures/manually_selected/108_cluster_after_removing_outliers/d10/12_gmm_a
ll_fit_2.png>
Package pdftex.def Info: Figures/manually_selected/108_cluster_after_removing_o
utliers/d10/12_gmm_all_fit_2.png used on input line 671.
(pdftex.def)             Requested size: 227.62204pt x 170.71231pt.

Overfull \hbox (4.54994pt too wide) in paragraph at lines 671--671
 [][] 
 []


Underfull \vbox (badness 1565) has occurred while \output is active []

 [73]
[74 <./Figures/manually_selected/108_cluster_after_removing_outliers/d10/12_gmm
_all_fit_0.png> <./Figures/manually_selected/108_cluster_after_removing_outlier
s/d10/12_gmm_all_fit_1.png> <./Figures/manually_selected/108_cluster_after_remo
ving_outliers/d10/12_gmm_all_fit_2.png>]) [75] [76] (./Chapters/discussion.tex

LaTeX Warning: Reference `fig:d11_parvfit_scAgents' on page 77 undefined on inp
ut line 12.

[77] [78]
<Figures/manually_selected/crashes/shouganai.png, id=556, 578.16pt x 433.62pt>
File: Figures/manually_selected/crashes/shouganai.png Graphic file (type png)

<use Figures/manually_selected/crashes/shouganai.png>
Package pdftex.def Info: Figures/manually_selected/crashes/shouganai.png used o
n input line 38.
(pdftex.def)             Requested size: 227.62204pt x 170.71231pt.

Overfull \hbox (4.54994pt too wide) in paragraph at lines 38--38
 [][] 
 []


<Figures/manually_selected/crashes/slow_but_crash.png, id=557, 578.16pt x 433.6
2pt>
File: Figures/manually_selected/crashes/slow_but_crash.png Graphic file (type p
ng)
 <use Figures/manually_selected/crashes/slow_but_crash.png>
Package pdftex.def Info: Figures/manually_selected/crashes/slow_but_crash.png u
sed on input line 40.
(pdftex.def)             Requested size: 227.62204pt x 170.71231pt.

Overfull \hbox (4.54994pt too wide) in paragraph at lines 40--40
 [][] 
 []

[79]
Overfull \hbox (3.43971pt too wide) in paragraph at lines 55--55
[]\OT1/cmr/bx/n/17.28 Market mak-ers caus-ing the stock to be over-valued 
 []

[80 <./Figures/manually_selected/crashes/shouganai.png> <./Figures/manually_sel
ected/crashes/slow_but_crash.png>])

Package natbib Warning: There were undefined citations.

[81] (./masterthesis-sample.aux)

LaTeX Warning: There were undefined references.


LaTeX Warning: There were multiply-defined labels.

 ) 
Here is how much of TeX's memory you used:
 4709 strings out of 493488
 96940 string characters out of 3141326
 141783 words of memory out of 3000000
 7821 multiletter control sequences out of 15000+200000
 15528 words of font info for 56 fonts, out of 3000000 for 9000
 957 hyphenation exceptions out of 8191
 42i,13n,45p,1837b,465s stack positions out of 5000i,500n,10000p,200000b,50000s
</usr/local/texlive/2012/texmf-dist/fonts/type1/public/amsfonts/cm/cmbx10.pfb
></usr/local/texlive/2012/texmf-dist/fonts/type1/public/amsfonts/cm/cmbx12.pfb>
</usr/local/texlive/2012/texmf-dist/fonts/type1/public/amsfonts/cm/cmbx8.pfb></
usr/local/texlive/2012/texmf-dist/fonts/type1/public/amsfonts/cm/cmex10.pfb></u
sr/local/texlive/2012/texmf-dist/fonts/type1/public/amsfonts/cm/cmmi10.pfb></us
r/local/texlive/2012/texmf-dist/fonts/type1/public/amsfonts/cm/cmmi12.pfb></usr
/local/texlive/2012/texmf-dist/fonts/type1/public/amsfonts/cm/cmmi6.pfb></usr/l
ocal/texlive/2012/texmf-dist/fonts/type1/public/amsfonts/cm/cmmi8.pfb></usr/loc
al/texlive/2012/texmf-dist/fonts/type1/public/amsfonts/cm/cmmib10.pfb></usr/loc
al/texlive/2012/texmf-dist/fonts/type1/public/amsfonts/cm/cmr10.pfb></usr/local
/texlive/2012/texmf-dist/fonts/type1/public/amsfonts/cm/cmr12.pfb></usr/local/t
exlive/2012/texmf-dist/fonts/type1/public/amsfonts/cm/cmr17.pfb></usr/local/tex
live/2012/texmf-dist/fonts/type1/public/amsfonts/cm/cmr6.pfb></usr/local/texliv
e/2012/texmf-dist/fonts/type1/public/amsfonts/cm/cmr7.pfb></usr/local/texlive/2
012/texmf-dist/fonts/type1/public/amsfonts/cm/cmr8.pfb></usr/local/texlive/2012
/texmf-dist/fonts/type1/public/amsfonts/cm/cmsy10.pfb></usr/local/texlive/2012/
texmf-dist/fonts/type1/public/amsfonts/cm/cmsy8.pfb></usr/local/texlive/2012/te
xmf-dist/fonts/type1/public/amsfonts/cm/cmti12.pfb></usr/local/texlive/2012/tex
mf-dist/fonts/type1/public/amsfonts/cm/cmtt8.pfb>
Output written on masterthesis-sample.pdf (87 pages, 9518116 bytes).
PDF statistics:
 634 PDF objects out of 1000 (max. 8388607)
 301 compressed objects within 4 object streams
 0 named destinations out of 1000 (max. 500000)
 536 words of extra memory for PDF output out of 10000 (max. 10000000)

